Analysis & Synthesis report for top_de1
Mon Dec 09 23:16:50 2013
Quartus II 64-Bit Version 13.0.1 Build 232 06/12/2013 Service Pack 1 SJ Web Edition


---------------------
; Table of Contents ;
---------------------
  1. Legal Notice
  2. Analysis & Synthesis Summary
  3. Analysis & Synthesis Settings
  4. Parallel Compilation
  5. Analysis & Synthesis Messages



----------------
; Legal Notice ;
----------------
Copyright (C) 1991-2013 Altera Corporation
Your use of Altera Corporation's design tools, logic functions 
and other software and tools, and its AMPP partner logic 
functions, and any output files from any of the foregoing 
(including device programming or simulation files), and any 
associated documentation or information are expressly subject 
to the terms and conditions of the Altera Program License 
Subscription Agreement, Altera MegaCore Function License 
Agreement, or other applicable license agreement, including, 
without limitation, that your use is for the sole purpose of 
programming logic devices manufactured by Altera and sold by 
Altera or its authorized distributors.  Please refer to the 
applicable agreement for further details.



+--------------------------------------------------------------------------------------+
; Analysis & Synthesis Summary                                                         ;
+------------------------------------+-------------------------------------------------+
; Analysis & Synthesis Status        ; Failed - Mon Dec 09 23:16:50 2013               ;
; Quartus II 64-Bit Version          ; 13.0.1 Build 232 06/12/2013 SP 1 SJ Web Edition ;
; Revision Name                      ; top_de1                                         ;
; Top-level Entity Name              ; top_de1                                         ;
; Family                             ; Cyclone II                                      ;
; Total logic elements               ; N/A until Partition Merge                       ;
;     Total combinational functions  ; N/A until Partition Merge                       ;
;     Dedicated logic registers      ; N/A until Partition Merge                       ;
; Total registers                    ; N/A until Partition Merge                       ;
; Total pins                         ; N/A until Partition Merge                       ;
; Total virtual pins                 ; N/A until Partition Merge                       ;
; Total memory bits                  ; N/A until Partition Merge                       ;
; Embedded Multiplier 9-bit elements ; N/A until Partition Merge                       ;
; Total PLLs                         ; N/A until Partition Merge                       ;
+------------------------------------+-------------------------------------------------+


+----------------------------------------------------------------------------------------------------------------------+
; Analysis & Synthesis Settings                                                                                        ;
+----------------------------------------------------------------------------+--------------------+--------------------+
; Option                                                                     ; Setting            ; Default Value      ;
+----------------------------------------------------------------------------+--------------------+--------------------+
; Device                                                                     ; EP2C20F484C7       ;                    ;
; Top-level entity name                                                      ; top_de1            ; top_de1            ;
; Family name                                                                ; Cyclone II         ; Cyclone IV GX      ;
; Use smart compilation                                                      ; On                 ; Off                ;
; Enable parallel Assembler and TimeQuest Timing Analyzer during compilation ; On                 ; On                 ;
; Enable compact report table                                                ; Off                ; Off                ;
; Restructure Multiplexers                                                   ; Auto               ; Auto               ;
; Create Debugging Nodes for IP Cores                                        ; Off                ; Off                ;
; Preserve fewer node names                                                  ; On                 ; On                 ;
; Disable OpenCore Plus hardware evaluation                                  ; Off                ; Off                ;
; Verilog Version                                                            ; Verilog_2001       ; Verilog_2001       ;
; VHDL Version                                                               ; VHDL_1993          ; VHDL_1993          ;
; State Machine Processing                                                   ; Auto               ; Auto               ;
; Safe State Machine                                                         ; Off                ; Off                ;
; Extract Verilog State Machines                                             ; On                 ; On                 ;
; Extract VHDL State Machines                                                ; On                 ; On                 ;
; Ignore Verilog initial constructs                                          ; Off                ; Off                ;
; Iteration limit for constant Verilog loops                                 ; 5000               ; 5000               ;
; Iteration limit for non-constant Verilog loops                             ; 250                ; 250                ;
; Add Pass-Through Logic to Inferred RAMs                                    ; On                 ; On                 ;
; Infer RAMs from Raw Logic                                                  ; On                 ; On                 ;
; Parallel Synthesis                                                         ; On                 ; On                 ;
; DSP Block Balancing                                                        ; Auto               ; Auto               ;
; NOT Gate Push-Back                                                         ; On                 ; On                 ;
; Power-Up Don't Care                                                        ; On                 ; On                 ;
; Remove Redundant Logic Cells                                               ; Off                ; Off                ;
; Remove Duplicate Registers                                                 ; On                 ; On                 ;
; Ignore CARRY Buffers                                                       ; Off                ; Off                ;
; Ignore CASCADE Buffers                                                     ; Off                ; Off                ;
; Ignore GLOBAL Buffers                                                      ; Off                ; Off                ;
; Ignore ROW GLOBAL Buffers                                                  ; Off                ; Off                ;
; Ignore LCELL Buffers                                                       ; Off                ; Off                ;
; Ignore SOFT Buffers                                                        ; On                 ; On                 ;
; Limit AHDL Integers to 32 Bits                                             ; Off                ; Off                ;
; Optimization Technique                                                     ; Balanced           ; Balanced           ;
; Carry Chain Length                                                         ; 70                 ; 70                 ;
; Auto Carry Chains                                                          ; On                 ; On                 ;
; Auto Open-Drain Pins                                                       ; On                 ; On                 ;
; Perform WYSIWYG Primitive Resynthesis                                      ; Off                ; Off                ;
; Auto ROM Replacement                                                       ; On                 ; On                 ;
; Auto RAM Replacement                                                       ; On                 ; On                 ;
; Auto Shift Register Replacement                                            ; Auto               ; Auto               ;
; Allow Shift Register Merging across Hierarchies                            ; Auto               ; Auto               ;
; Auto Clock Enable Replacement                                              ; On                 ; On                 ;
; Strict RAM Replacement                                                     ; Off                ; Off                ;
; Allow Synchronous Control Signals                                          ; On                 ; On                 ;
; Force Use of Synchronous Clear Signals                                     ; Off                ; Off                ;
; Auto RAM to Logic Cell Conversion                                          ; Off                ; Off                ;
; Auto Resource Sharing                                                      ; Off                ; Off                ;
; Allow Any RAM Size For Recognition                                         ; Off                ; Off                ;
; Allow Any ROM Size For Recognition                                         ; Off                ; Off                ;
; Allow Any Shift Register Size For Recognition                              ; Off                ; Off                ;
; Use LogicLock Constraints during Resource Balancing                        ; On                 ; On                 ;
; Ignore translate_off and synthesis_off directives                          ; Off                ; Off                ;
; Timing-Driven Synthesis                                                    ; Off                ; Off                ;
; Report Parameter Settings                                                  ; On                 ; On                 ;
; Report Source Assignments                                                  ; On                 ; On                 ;
; Report Connectivity Checks                                                 ; On                 ; On                 ;
; Ignore Maximum Fan-Out Assignments                                         ; Off                ; Off                ;
; Synchronization Register Chain Length                                      ; 2                  ; 2                  ;
; PowerPlay Power Optimization                                               ; Normal compilation ; Normal compilation ;
; HDL message level                                                          ; Level2             ; Level2             ;
; Suppress Register Optimization Related Messages                            ; Off                ; Off                ;
; Number of Removed Registers Reported in Synthesis Report                   ; 5000               ; 5000               ;
; Number of Swept Nodes Reported in Synthesis Report                         ; 5000               ; 5000               ;
; Number of Inverted Registers Reported in Synthesis Report                  ; 100                ; 100                ;
; Clock MUX Protection                                                       ; On                 ; On                 ;
; Auto Gated Clock Conversion                                                ; Off                ; Off                ;
; Block Design Naming                                                        ; Auto               ; Auto               ;
; SDC constraint protection                                                  ; Off                ; Off                ;
; Synthesis Effort                                                           ; Auto               ; Auto               ;
; Shift Register Replacement - Allow Asynchronous Clear Signal               ; On                 ; On                 ;
; Pre-Mapping Resynthesis Optimization                                       ; Off                ; Off                ;
; Analysis & Synthesis Message Level                                         ; Medium             ; Medium             ;
; Disable Register Merging Across Hierarchies                                ; Auto               ; Auto               ;
; Resource Aware Inference For Block RAM                                     ; On                 ; On                 ;
; Synthesis Seed                                                             ; 1                  ; 1                  ;
+----------------------------------------------------------------------------+--------------------+--------------------+


Parallel compilation was disabled, but you have multiple processors available. Enable parallel compilation to reduce compilation time.
+-------------------------------------+
; Parallel Compilation                ;
+----------------------------+--------+
; Processors                 ; Number ;
+----------------------------+--------+
; Number detected on machine ; 8      ;
; Maximum allowed            ; 1      ;
+----------------------------+--------+


+-------------------------------+
; Analysis & Synthesis Messages ;
+-------------------------------+
Info: *******************************************************************
Info: Running Quartus II 64-Bit Analysis & Synthesis
    Info: Version 13.0.1 Build 232 06/12/2013 Service Pack 1 SJ Web Edition
    Info: Processing started: Mon Dec 09 23:16:46 2013
Info: Command: quartus_map --read_settings_files=on --write_settings_files=off de1 -c top_de1
Warning (20028): Parallel compilation is not licensed and has been disabled
Info (12021): Found 1 design units, including 0 entities, in source file /users/erwin/documents/github/dac/hardware/gpu/draw_sprite-behaviour.vhd
    Info (12022): Found design unit 1: draw_sprite-behaviour
Info (12021): Found 1 design units, including 1 entities, in source file /users/erwin/documents/github/dac/hardware/gpu/draw_sprite.vhd
    Info (12023): Found entity 1: draw_sprite
Info (12021): Found 1 design units, including 0 entities, in source file /users/erwin/documents/github/dac/hardware/gpu/draw_line-behaviour.vhd
    Info (12022): Found design unit 1: draw_line-behaviour
Info (12021): Found 1 design units, including 1 entities, in source file /users/erwin/documents/github/dac/hardware/gpu/draw_line.vhd
    Info (12023): Found entity 1: draw_line
Info (12021): Found 1 design units, including 0 entities, in source file /users/erwin/documents/github/dac/hardware/gpu/vgacontroller-behaviour.vhd
    Info (12022): Found design unit 1: vgacontroller-behaviour
Info (12021): Found 1 design units, including 1 entities, in source file /users/erwin/documents/github/dac/hardware/gpu/vgacontroller.vhd
    Info (12023): Found entity 1: vgacontroller
Info (12021): Found 2 design units, including 1 entities, in source file /users/erwin/documents/github/dac/hardware/gpu/sram.vhd
    Info (12022): Found design unit 1: sram-behavior
    Info (12023): Found entity 1: sram
Info (12021): Found 1 design units, including 0 entities, in source file /users/erwin/documents/github/dac/hardware/gpu/spi-behaviour.vhd
    Info (12022): Found design unit 1: spi-behaviour
Info (12021): Found 1 design units, including 1 entities, in source file /users/erwin/documents/github/dac/hardware/gpu/spi.vhd
    Info (12023): Found entity 1: spi
Info (12021): Found 1 design units, including 0 entities, in source file /users/erwin/documents/github/dac/hardware/gpu/ramcontroller-behaviour.vhd
    Info (12022): Found design unit 1: ramcontroller-behaviour
Info (12021): Found 1 design units, including 1 entities, in source file /users/erwin/documents/github/dac/hardware/gpu/ramcontroller.vhd
    Info (12023): Found entity 1: ramcontroller
Info (12021): Found 2 design units, including 0 entities, in source file /users/erwin/documents/github/dac/hardware/gpu/parameter_def_pkg.vhd
    Info (12022): Found design unit 1: parameter_def
    Info (12022): Found design unit 2: parameter_def-body
Info (12021): Found 1 design units, including 0 entities, in source file /users/erwin/documents/github/dac/hardware/gpu/gpu-structural.vhd
    Info (12022): Found design unit 1: gpu-structural
Info (12021): Found 1 design units, including 1 entities, in source file /users/erwin/documents/github/dac/hardware/gpu/gpu.vhd
    Info (12023): Found entity 1: gpu
Info (12021): Found 1 design units, including 0 entities, in source file /users/erwin/documents/github/dac/hardware/gpu/draw-structural.vhd
    Info (12022): Found design unit 1: draw-structural
Info (12021): Found 1 design units, including 0 entities, in source file /users/erwin/documents/github/dac/hardware/gpu/draw_rect-behaviour.vhd
    Info (12022): Found design unit 1: draw_rect-behaviour
Info (12021): Found 1 design units, including 1 entities, in source file /users/erwin/documents/github/dac/hardware/gpu/draw_rect.vhd
    Info (12023): Found entity 1: draw_rect
Info (12021): Found 1 design units, including 0 entities, in source file /users/erwin/documents/github/dac/hardware/gpu/draw_pixel-behaviour.vhd
    Info (12022): Found design unit 1: draw_pixel-behaviour
Info (12021): Found 1 design units, including 1 entities, in source file /users/erwin/documents/github/dac/hardware/gpu/draw_pixel.vhd
    Info (12023): Found entity 1: draw_pixel
Info (12021): Found 1 design units, including 0 entities, in source file /users/erwin/documents/github/dac/hardware/gpu/draw_fill-behaviour.vhd
    Info (12022): Found design unit 1: draw_fill-behaviour
Info (12021): Found 1 design units, including 1 entities, in source file /users/erwin/documents/github/dac/hardware/gpu/draw_fill.vhd
    Info (12023): Found entity 1: draw_fill
Info (12021): Found 1 design units, including 1 entities, in source file /users/erwin/documents/github/dac/hardware/gpu/draw.vhd
    Info (12023): Found entity 1: draw
Info (12021): Found 1 design units, including 0 entities, in source file /users/erwin/documents/github/dac/hardware/gpu/decoder-behaviour.vhd
    Info (12022): Found design unit 1: decoder-behaviour
Info (12021): Found 1 design units, including 1 entities, in source file /users/erwin/documents/github/dac/hardware/gpu/decoder.vhd
    Info (12023): Found entity 1: decoder
Info (12021): Found 2 design units, including 1 entities, in source file pre_vga_dac_4.vhd
    Info (12022): Found design unit 1: pre_vga_dac_4-signal_flow
    Info (12023): Found entity 1: pre_vga_dac_4
Info (12021): Found 2 design units, including 1 entities, in source file gen6mhz.vhd
    Info (12022): Found design unit 1: gen6mhz-behaviour
    Info (12023): Found entity 1: gen6mhz
Info (12021): Found 1 design units, including 1 entities, in source file top_de1.bdf
    Info (12023): Found entity 1: top_de1
Info (12127): Elaborating entity "top_de1" for the top level hierarchy
Info (12128): Elaborating entity "gpu" for hierarchy "gpu:inst2"
Info (12128): Elaborating entity "draw" for hierarchy "gpu:inst2|draw:draw1"
Info (12128): Elaborating entity "draw_fill" for hierarchy "gpu:inst2|draw:draw1|draw_fill:fill1"
Info (12128): Elaborating entity "draw_pixel" for hierarchy "gpu:inst2|draw:draw1|draw_pixel:pixel1"
Info (12128): Elaborating entity "draw_rect" for hierarchy "gpu:inst2|draw:draw1|draw_rect:rect1"
Info (12128): Elaborating entity "draw_line" for hierarchy "gpu:inst2|draw:draw1|draw_line:line1"
Info (12128): Elaborating entity "draw_sprite" for hierarchy "gpu:inst2|draw:draw1|draw_sprite:sprite1"
Info (12128): Elaborating entity "decoder" for hierarchy "gpu:inst2|decoder:decoder1"
Warning (10036): Verilog HDL or VHDL warning at decoder-behaviour.vhd(10): object "timeout_count" assigned a value but never read
Error (10344): VHDL expression error at decoder-behaviour.vhd(116): expression has 3 elements, but must have 6 elements File: C:/Users/Erwin/Documents/GitHub/DaC/hardware/gpu/decoder-behaviour.vhd Line: 116
Error (12152): Can't elaborate user hierarchy "gpu:inst2|decoder:decoder1" File: C:/Users/Erwin/Documents/GitHub/DaC/hardware/gpu/gpu-structural.vhd Line: 170
Error: Quartus II 64-Bit Analysis & Synthesis was unsuccessful. 2 errors, 2 warnings
    Error: Peak virtual memory: 487 megabytes
    Error: Processing ended: Mon Dec 09 23:16:50 2013
    Error: Elapsed time: 00:00:04
    Error: Total CPU time (on all processors): 00:00:01


