Classic Timing Analyzer report for top_de1
Thu Oct 10 12:23:09 2013
Quartus II Version 10.0 Build 262 08/18/2010 Service Pack 1 SJ Full Version


---------------------
; Table of Contents ;
---------------------
  1. Legal Notice
  2. Classic Timing Analyzer Deprecation
  3. Timing Analyzer Summary
  4. Timing Analyzer Settings
  5. Clock Settings Summary
  6. Parallel Compilation
  7. Clock Setup: 'clock_50mhz'
  8. tco
  9. Timing Analyzer Messages



----------------
; Legal Notice ;
----------------
Copyright (C) 1991-2010 Altera Corporation
Your use of Altera Corporation's design tools, logic functions 
and other software and tools, and its AMPP partner logic 
functions, and any output files from any of the foregoing 
(including device programming or simulation files), and any 
associated documentation or information are expressly subject 
to the terms and conditions of the Altera Program License 
Subscription Agreement, Altera MegaCore Function License 
Agreement, or other applicable license agreement, including, 
without limitation, that your use is for the sole purpose of 
programming logic devices manufactured by Altera and sold by 
Altera or its authorized distributors.  Please refer to the 
applicable agreement for further details.



---------------------------------------
; Classic Timing Analyzer Deprecation ;
---------------------------------------
Classic Timing Analyzer will not be available in a future release of the Quartus II software. Use the TimeQuest Timing Analyzer to run timing analysis on your design. Convert all the project settings and the timing constraints to TimeQuest Timing Analyzer equivalents.


+----------------------------------------------------------------------------------------------------------------------------------------------------------------------------------------------------+
; Timing Analyzer Summary                                                                                                                                                                            ;
+------------------------------+-------+---------------+----------------------------------+---------------------------------+-----------------------------+-------------+-------------+--------------+
; Type                         ; Slack ; Required Time ; Actual Time                      ; From                            ; To                          ; From Clock  ; To Clock    ; Failed Paths ;
+------------------------------+-------+---------------+----------------------------------+---------------------------------+-----------------------------+-------------+-------------+--------------+
; Worst-case tco               ; N/A   ; None          ; 12.696 ns                        ; vga_controller:inst3|column[7]  ; vga_g[0]                    ; clock_50mhz ; --          ; 0            ;
; Clock Setup: 'clock_50mhz'   ; N/A   ; None          ; 161.16 MHz ( period = 6.205 ns ) ; vga_controller:inst3|v_count[5] ; vga_controller:inst3|row[4] ; clock_50mhz ; clock_50mhz ; 0            ;
; Total number of failed paths ;       ;               ;                                  ;                                 ;                             ;             ;             ; 0            ;
+------------------------------+-------+---------------+----------------------------------+---------------------------------+-----------------------------+-------------+-------------+--------------+


+-----------------------------------------------------------------------------------------------------------------------------------------------------+
; Timing Analyzer Settings                                                                                                                            ;
+------------------------------------------------------------------------------------------------------+--------------------+------+----+-------------+
; Option                                                                                               ; Setting            ; From ; To ; Entity Name ;
+------------------------------------------------------------------------------------------------------+--------------------+------+----+-------------+
; Device Name                                                                                          ; EP2C20F484C7       ;      ;    ;             ;
; Timing Models                                                                                        ; Final              ;      ;    ;             ;
; Default hold multicycle                                                                              ; Same as Multicycle ;      ;    ;             ;
; Cut paths between unrelated clock domains                                                            ; On                 ;      ;    ;             ;
; Cut off read during write signal paths                                                               ; On                 ;      ;    ;             ;
; Cut off feedback from I/O pins                                                                       ; On                 ;      ;    ;             ;
; Report Combined Fast/Slow Timing                                                                     ; Off                ;      ;    ;             ;
; Ignore Clock Settings                                                                                ; Off                ;      ;    ;             ;
; Analyze latches as synchronous elements                                                              ; On                 ;      ;    ;             ;
; Enable Recovery/Removal analysis                                                                     ; Off                ;      ;    ;             ;
; Enable Clock Latency                                                                                 ; Off                ;      ;    ;             ;
; Use TimeQuest Timing Analyzer                                                                        ; Off                ;      ;    ;             ;
; Minimum Core Junction Temperature                                                                    ; 0                  ;      ;    ;             ;
; Maximum Core Junction Temperature                                                                    ; 85                 ;      ;    ;             ;
; Number of source nodes to report per destination node                                                ; 10                 ;      ;    ;             ;
; Number of destination nodes to report                                                                ; 10                 ;      ;    ;             ;
; Number of paths to report                                                                            ; 200                ;      ;    ;             ;
; Report Minimum Timing Checks                                                                         ; Off                ;      ;    ;             ;
; Use Fast Timing Models                                                                               ; Off                ;      ;    ;             ;
; Report IO Paths Separately                                                                           ; Off                ;      ;    ;             ;
; Perform Multicorner Analysis                                                                         ; On                 ;      ;    ;             ;
; Reports the worst-case path for each clock domain and analysis                                       ; Off                ;      ;    ;             ;
; Reports worst-case timing paths for each clock domain and analysis                                   ; On                 ;      ;    ;             ;
; Specifies the maximum number of worst-case timing paths to report for each clock domain and analysis ; 100                ;      ;    ;             ;
; Removes common clock path pessimism (CCPP) during slack computation                                  ; Off                ;      ;    ;             ;
+------------------------------------------------------------------------------------------------------+--------------------+------+----+-------------+


+------------------------------------------------------------------------------------------------------------------------------------------------------------------------------------+
; Clock Settings Summary                                                                                                                                                             ;
+-----------------+--------------------+----------+------------------+---------------+--------------+----------+-----------------------+---------------------+--------+--------------+
; Clock Node Name ; Clock Setting Name ; Type     ; Fmax Requirement ; Early Latency ; Late Latency ; Based on ; Multiply Base Fmax by ; Divide Base Fmax by ; Offset ; Phase offset ;
+-----------------+--------------------+----------+------------------+---------------+--------------+----------+-----------------------+---------------------+--------+--------------+
; clock_50mhz     ;                    ; User Pin ; None             ; 0.000 ns      ; 0.000 ns     ; --       ; N/A                   ; N/A                 ; N/A    ;              ;
+-----------------+--------------------+----------+------------------+---------------+--------------+----------+-----------------------+---------------------+--------+--------------+


+------------------------------------------+
; Parallel Compilation                     ;
+----------------------------+-------------+
; Processors                 ; Number      ;
+----------------------------+-------------+
; Number detected on machine ; 4           ;
; Maximum allowed            ; 4           ;
;                            ;             ;
; Average used               ; 1.00        ;
; Maximum used               ; 1           ;
;                            ;             ;
; Usage by Processor         ; % Time Used ;
;     1 processor            ; 100.0%      ;
;     2-4 processors         ;   0.0%      ;
+----------------------------+-------------+


+-----------------------------------------------------------------------------------------------------------------------------------------------------------------------------------------------------------------------------------------------------------------------------------+
; Clock Setup: 'clock_50mhz'                                                                                                                                                                                                                                                        ;
+-----------------------------------------+-----------------------------------------------------+---------------------------------+---------------------------------+-------------+-------------+-----------------------------+---------------------------+-------------------------+
; Slack                                   ; Actual fmax (period)                                ; From                            ; To                              ; From Clock  ; To Clock    ; Required Setup Relationship ; Required Longest P2P Time ; Actual Longest P2P Time ;
+-----------------------------------------+-----------------------------------------------------+---------------------------------+---------------------------------+-------------+-------------+-----------------------------+---------------------------+-------------------------+
; N/A                                     ; 161.16 MHz ( period = 6.205 ns )                    ; vga_controller:inst3|v_count[5] ; vga_controller:inst3|row[8]     ; clock_50mhz ; clock_50mhz ; None                        ; None                      ; 5.966 ns                ;
; N/A                                     ; 161.16 MHz ( period = 6.205 ns )                    ; vga_controller:inst3|v_count[5] ; vga_controller:inst3|row[7]     ; clock_50mhz ; clock_50mhz ; None                        ; None                      ; 5.966 ns                ;
; N/A                                     ; 161.16 MHz ( period = 6.205 ns )                    ; vga_controller:inst3|v_count[5] ; vga_controller:inst3|row[6]     ; clock_50mhz ; clock_50mhz ; None                        ; None                      ; 5.966 ns                ;
; N/A                                     ; 161.16 MHz ( period = 6.205 ns )                    ; vga_controller:inst3|v_count[5] ; vga_controller:inst3|row[5]     ; clock_50mhz ; clock_50mhz ; None                        ; None                      ; 5.966 ns                ;
; N/A                                     ; 161.16 MHz ( period = 6.205 ns )                    ; vga_controller:inst3|v_count[5] ; vga_controller:inst3|row[4]     ; clock_50mhz ; clock_50mhz ; None                        ; None                      ; 5.966 ns                ;
; N/A                                     ; 161.29 MHz ( period = 6.200 ns )                    ; vga_controller:inst3|h_count[1] ; vga_controller:inst3|row[8]     ; clock_50mhz ; clock_50mhz ; None                        ; None                      ; 5.967 ns                ;
; N/A                                     ; 161.29 MHz ( period = 6.200 ns )                    ; vga_controller:inst3|h_count[1] ; vga_controller:inst3|row[7]     ; clock_50mhz ; clock_50mhz ; None                        ; None                      ; 5.967 ns                ;
; N/A                                     ; 161.29 MHz ( period = 6.200 ns )                    ; vga_controller:inst3|h_count[1] ; vga_controller:inst3|row[6]     ; clock_50mhz ; clock_50mhz ; None                        ; None                      ; 5.967 ns                ;
; N/A                                     ; 161.29 MHz ( period = 6.200 ns )                    ; vga_controller:inst3|h_count[1] ; vga_controller:inst3|row[5]     ; clock_50mhz ; clock_50mhz ; None                        ; None                      ; 5.967 ns                ;
; N/A                                     ; 161.29 MHz ( period = 6.200 ns )                    ; vga_controller:inst3|h_count[1] ; vga_controller:inst3|row[4]     ; clock_50mhz ; clock_50mhz ; None                        ; None                      ; 5.967 ns                ;
; N/A                                     ; 162.21 MHz ( period = 6.165 ns )                    ; vga_controller:inst3|h_count[0] ; vga_controller:inst3|row[8]     ; clock_50mhz ; clock_50mhz ; None                        ; None                      ; 5.932 ns                ;
; N/A                                     ; 162.21 MHz ( period = 6.165 ns )                    ; vga_controller:inst3|h_count[0] ; vga_controller:inst3|row[7]     ; clock_50mhz ; clock_50mhz ; None                        ; None                      ; 5.932 ns                ;
; N/A                                     ; 162.21 MHz ( period = 6.165 ns )                    ; vga_controller:inst3|h_count[0] ; vga_controller:inst3|row[6]     ; clock_50mhz ; clock_50mhz ; None                        ; None                      ; 5.932 ns                ;
; N/A                                     ; 162.21 MHz ( period = 6.165 ns )                    ; vga_controller:inst3|h_count[0] ; vga_controller:inst3|row[5]     ; clock_50mhz ; clock_50mhz ; None                        ; None                      ; 5.932 ns                ;
; N/A                                     ; 162.21 MHz ( period = 6.165 ns )                    ; vga_controller:inst3|h_count[0] ; vga_controller:inst3|row[4]     ; clock_50mhz ; clock_50mhz ; None                        ; None                      ; 5.932 ns                ;
; N/A                                     ; 162.50 MHz ( period = 6.154 ns )                    ; vga_controller:inst3|v_count[3] ; vga_controller:inst3|row[8]     ; clock_50mhz ; clock_50mhz ; None                        ; None                      ; 5.915 ns                ;
; N/A                                     ; 162.50 MHz ( period = 6.154 ns )                    ; vga_controller:inst3|v_count[3] ; vga_controller:inst3|row[7]     ; clock_50mhz ; clock_50mhz ; None                        ; None                      ; 5.915 ns                ;
; N/A                                     ; 162.50 MHz ( period = 6.154 ns )                    ; vga_controller:inst3|v_count[3] ; vga_controller:inst3|row[6]     ; clock_50mhz ; clock_50mhz ; None                        ; None                      ; 5.915 ns                ;
; N/A                                     ; 162.50 MHz ( period = 6.154 ns )                    ; vga_controller:inst3|v_count[3] ; vga_controller:inst3|row[5]     ; clock_50mhz ; clock_50mhz ; None                        ; None                      ; 5.915 ns                ;
; N/A                                     ; 162.50 MHz ( period = 6.154 ns )                    ; vga_controller:inst3|v_count[3] ; vga_controller:inst3|row[4]     ; clock_50mhz ; clock_50mhz ; None                        ; None                      ; 5.915 ns                ;
; N/A                                     ; 164.10 MHz ( period = 6.094 ns )                    ; vga_controller:inst3|v_count[4] ; vga_controller:inst3|row[8]     ; clock_50mhz ; clock_50mhz ; None                        ; None                      ; 5.855 ns                ;
; N/A                                     ; 164.10 MHz ( period = 6.094 ns )                    ; vga_controller:inst3|v_count[4] ; vga_controller:inst3|row[7]     ; clock_50mhz ; clock_50mhz ; None                        ; None                      ; 5.855 ns                ;
; N/A                                     ; 164.10 MHz ( period = 6.094 ns )                    ; vga_controller:inst3|v_count[4] ; vga_controller:inst3|row[6]     ; clock_50mhz ; clock_50mhz ; None                        ; None                      ; 5.855 ns                ;
; N/A                                     ; 164.10 MHz ( period = 6.094 ns )                    ; vga_controller:inst3|v_count[4] ; vga_controller:inst3|row[5]     ; clock_50mhz ; clock_50mhz ; None                        ; None                      ; 5.855 ns                ;
; N/A                                     ; 164.10 MHz ( period = 6.094 ns )                    ; vga_controller:inst3|v_count[4] ; vga_controller:inst3|row[4]     ; clock_50mhz ; clock_50mhz ; None                        ; None                      ; 5.855 ns                ;
; N/A                                     ; 165.40 MHz ( period = 6.046 ns )                    ; vga_controller:inst3|v_count[7] ; vga_controller:inst3|row[8]     ; clock_50mhz ; clock_50mhz ; None                        ; None                      ; 5.808 ns                ;
; N/A                                     ; 165.40 MHz ( period = 6.046 ns )                    ; vga_controller:inst3|v_count[7] ; vga_controller:inst3|row[7]     ; clock_50mhz ; clock_50mhz ; None                        ; None                      ; 5.808 ns                ;
; N/A                                     ; 165.40 MHz ( period = 6.046 ns )                    ; vga_controller:inst3|v_count[7] ; vga_controller:inst3|row[6]     ; clock_50mhz ; clock_50mhz ; None                        ; None                      ; 5.808 ns                ;
; N/A                                     ; 165.40 MHz ( period = 6.046 ns )                    ; vga_controller:inst3|v_count[7] ; vga_controller:inst3|row[5]     ; clock_50mhz ; clock_50mhz ; None                        ; None                      ; 5.808 ns                ;
; N/A                                     ; 165.40 MHz ( period = 6.046 ns )                    ; vga_controller:inst3|v_count[7] ; vga_controller:inst3|row[4]     ; clock_50mhz ; clock_50mhz ; None                        ; None                      ; 5.808 ns                ;
; N/A                                     ; 168.18 MHz ( period = 5.946 ns )                    ; vga_controller:inst3|v_count[6] ; vga_controller:inst3|row[8]     ; clock_50mhz ; clock_50mhz ; None                        ; None                      ; 5.708 ns                ;
; N/A                                     ; 168.18 MHz ( period = 5.946 ns )                    ; vga_controller:inst3|v_count[6] ; vga_controller:inst3|row[7]     ; clock_50mhz ; clock_50mhz ; None                        ; None                      ; 5.708 ns                ;
; N/A                                     ; 168.18 MHz ( period = 5.946 ns )                    ; vga_controller:inst3|v_count[6] ; vga_controller:inst3|row[6]     ; clock_50mhz ; clock_50mhz ; None                        ; None                      ; 5.708 ns                ;
; N/A                                     ; 168.18 MHz ( period = 5.946 ns )                    ; vga_controller:inst3|v_count[6] ; vga_controller:inst3|row[5]     ; clock_50mhz ; clock_50mhz ; None                        ; None                      ; 5.708 ns                ;
; N/A                                     ; 168.18 MHz ( period = 5.946 ns )                    ; vga_controller:inst3|v_count[6] ; vga_controller:inst3|row[4]     ; clock_50mhz ; clock_50mhz ; None                        ; None                      ; 5.708 ns                ;
; N/A                                     ; 168.86 MHz ( period = 5.922 ns )                    ; vga_controller:inst3|v_count[0] ; vga_controller:inst3|row[8]     ; clock_50mhz ; clock_50mhz ; None                        ; None                      ; 5.682 ns                ;
; N/A                                     ; 168.86 MHz ( period = 5.922 ns )                    ; vga_controller:inst3|v_count[0] ; vga_controller:inst3|row[7]     ; clock_50mhz ; clock_50mhz ; None                        ; None                      ; 5.682 ns                ;
; N/A                                     ; 168.86 MHz ( period = 5.922 ns )                    ; vga_controller:inst3|v_count[0] ; vga_controller:inst3|row[6]     ; clock_50mhz ; clock_50mhz ; None                        ; None                      ; 5.682 ns                ;
; N/A                                     ; 168.86 MHz ( period = 5.922 ns )                    ; vga_controller:inst3|v_count[0] ; vga_controller:inst3|row[5]     ; clock_50mhz ; clock_50mhz ; None                        ; None                      ; 5.682 ns                ;
; N/A                                     ; 168.86 MHz ( period = 5.922 ns )                    ; vga_controller:inst3|v_count[0] ; vga_controller:inst3|row[4]     ; clock_50mhz ; clock_50mhz ; None                        ; None                      ; 5.682 ns                ;
; N/A                                     ; 169.49 MHz ( period = 5.900 ns )                    ; vga_controller:inst3|v_count[1] ; vga_controller:inst3|row[8]     ; clock_50mhz ; clock_50mhz ; None                        ; None                      ; 5.660 ns                ;
; N/A                                     ; 169.49 MHz ( period = 5.900 ns )                    ; vga_controller:inst3|v_count[1] ; vga_controller:inst3|row[7]     ; clock_50mhz ; clock_50mhz ; None                        ; None                      ; 5.660 ns                ;
; N/A                                     ; 169.49 MHz ( period = 5.900 ns )                    ; vga_controller:inst3|v_count[1] ; vga_controller:inst3|row[6]     ; clock_50mhz ; clock_50mhz ; None                        ; None                      ; 5.660 ns                ;
; N/A                                     ; 169.49 MHz ( period = 5.900 ns )                    ; vga_controller:inst3|v_count[1] ; vga_controller:inst3|row[5]     ; clock_50mhz ; clock_50mhz ; None                        ; None                      ; 5.660 ns                ;
; N/A                                     ; 169.49 MHz ( period = 5.900 ns )                    ; vga_controller:inst3|v_count[1] ; vga_controller:inst3|row[4]     ; clock_50mhz ; clock_50mhz ; None                        ; None                      ; 5.660 ns                ;
; N/A                                     ; 169.95 MHz ( period = 5.884 ns )                    ; vga_controller:inst3|v_count[8] ; vga_controller:inst3|row[8]     ; clock_50mhz ; clock_50mhz ; None                        ; None                      ; 5.646 ns                ;
; N/A                                     ; 169.95 MHz ( period = 5.884 ns )                    ; vga_controller:inst3|v_count[8] ; vga_controller:inst3|row[7]     ; clock_50mhz ; clock_50mhz ; None                        ; None                      ; 5.646 ns                ;
; N/A                                     ; 169.95 MHz ( period = 5.884 ns )                    ; vga_controller:inst3|v_count[8] ; vga_controller:inst3|row[6]     ; clock_50mhz ; clock_50mhz ; None                        ; None                      ; 5.646 ns                ;
; N/A                                     ; 169.95 MHz ( period = 5.884 ns )                    ; vga_controller:inst3|v_count[8] ; vga_controller:inst3|row[5]     ; clock_50mhz ; clock_50mhz ; None                        ; None                      ; 5.646 ns                ;
; N/A                                     ; 169.95 MHz ( period = 5.884 ns )                    ; vga_controller:inst3|v_count[8] ; vga_controller:inst3|row[4]     ; clock_50mhz ; clock_50mhz ; None                        ; None                      ; 5.646 ns                ;
; N/A                                     ; 170.50 MHz ( period = 5.865 ns )                    ; vga_controller:inst3|h_count[6] ; vga_controller:inst3|row[8]     ; clock_50mhz ; clock_50mhz ; None                        ; None                      ; 5.632 ns                ;
; N/A                                     ; 170.50 MHz ( period = 5.865 ns )                    ; vga_controller:inst3|h_count[6] ; vga_controller:inst3|row[7]     ; clock_50mhz ; clock_50mhz ; None                        ; None                      ; 5.632 ns                ;
; N/A                                     ; 170.50 MHz ( period = 5.865 ns )                    ; vga_controller:inst3|h_count[6] ; vga_controller:inst3|row[6]     ; clock_50mhz ; clock_50mhz ; None                        ; None                      ; 5.632 ns                ;
; N/A                                     ; 170.50 MHz ( period = 5.865 ns )                    ; vga_controller:inst3|h_count[6] ; vga_controller:inst3|row[5]     ; clock_50mhz ; clock_50mhz ; None                        ; None                      ; 5.632 ns                ;
; N/A                                     ; 170.50 MHz ( period = 5.865 ns )                    ; vga_controller:inst3|h_count[6] ; vga_controller:inst3|row[4]     ; clock_50mhz ; clock_50mhz ; None                        ; None                      ; 5.632 ns                ;
; N/A                                     ; 171.61 MHz ( period = 5.827 ns )                    ; vga_controller:inst3|h_count[4] ; vga_controller:inst3|row[8]     ; clock_50mhz ; clock_50mhz ; None                        ; None                      ; 5.594 ns                ;
; N/A                                     ; 171.61 MHz ( period = 5.827 ns )                    ; vga_controller:inst3|h_count[4] ; vga_controller:inst3|row[7]     ; clock_50mhz ; clock_50mhz ; None                        ; None                      ; 5.594 ns                ;
; N/A                                     ; 171.61 MHz ( period = 5.827 ns )                    ; vga_controller:inst3|h_count[4] ; vga_controller:inst3|row[6]     ; clock_50mhz ; clock_50mhz ; None                        ; None                      ; 5.594 ns                ;
; N/A                                     ; 171.61 MHz ( period = 5.827 ns )                    ; vga_controller:inst3|h_count[4] ; vga_controller:inst3|row[5]     ; clock_50mhz ; clock_50mhz ; None                        ; None                      ; 5.594 ns                ;
; N/A                                     ; 171.61 MHz ( period = 5.827 ns )                    ; vga_controller:inst3|h_count[4] ; vga_controller:inst3|row[4]     ; clock_50mhz ; clock_50mhz ; None                        ; None                      ; 5.594 ns                ;
; N/A                                     ; 172.35 MHz ( period = 5.802 ns )                    ; vga_controller:inst3|v_count[2] ; vga_controller:inst3|row[8]     ; clock_50mhz ; clock_50mhz ; None                        ; None                      ; 5.562 ns                ;
; N/A                                     ; 172.35 MHz ( period = 5.802 ns )                    ; vga_controller:inst3|v_count[2] ; vga_controller:inst3|row[7]     ; clock_50mhz ; clock_50mhz ; None                        ; None                      ; 5.562 ns                ;
; N/A                                     ; 172.35 MHz ( period = 5.802 ns )                    ; vga_controller:inst3|v_count[2] ; vga_controller:inst3|row[6]     ; clock_50mhz ; clock_50mhz ; None                        ; None                      ; 5.562 ns                ;
; N/A                                     ; 172.35 MHz ( period = 5.802 ns )                    ; vga_controller:inst3|v_count[2] ; vga_controller:inst3|row[5]     ; clock_50mhz ; clock_50mhz ; None                        ; None                      ; 5.562 ns                ;
; N/A                                     ; 172.35 MHz ( period = 5.802 ns )                    ; vga_controller:inst3|v_count[2] ; vga_controller:inst3|row[4]     ; clock_50mhz ; clock_50mhz ; None                        ; None                      ; 5.562 ns                ;
; N/A                                     ; 172.98 MHz ( period = 5.781 ns )                    ; vga_controller:inst3|h_count[2] ; vga_controller:inst3|row[8]     ; clock_50mhz ; clock_50mhz ; None                        ; None                      ; 5.548 ns                ;
; N/A                                     ; 172.98 MHz ( period = 5.781 ns )                    ; vga_controller:inst3|h_count[2] ; vga_controller:inst3|row[7]     ; clock_50mhz ; clock_50mhz ; None                        ; None                      ; 5.548 ns                ;
; N/A                                     ; 172.98 MHz ( period = 5.781 ns )                    ; vga_controller:inst3|h_count[2] ; vga_controller:inst3|row[6]     ; clock_50mhz ; clock_50mhz ; None                        ; None                      ; 5.548 ns                ;
; N/A                                     ; 172.98 MHz ( period = 5.781 ns )                    ; vga_controller:inst3|h_count[2] ; vga_controller:inst3|row[5]     ; clock_50mhz ; clock_50mhz ; None                        ; None                      ; 5.548 ns                ;
; N/A                                     ; 172.98 MHz ( period = 5.781 ns )                    ; vga_controller:inst3|h_count[2] ; vga_controller:inst3|row[4]     ; clock_50mhz ; clock_50mhz ; None                        ; None                      ; 5.548 ns                ;
; N/A                                     ; 176.21 MHz ( period = 5.675 ns )                    ; vga_controller:inst3|h_count[3] ; vga_controller:inst3|row[8]     ; clock_50mhz ; clock_50mhz ; None                        ; None                      ; 5.442 ns                ;
; N/A                                     ; 176.21 MHz ( period = 5.675 ns )                    ; vga_controller:inst3|h_count[3] ; vga_controller:inst3|row[7]     ; clock_50mhz ; clock_50mhz ; None                        ; None                      ; 5.442 ns                ;
; N/A                                     ; 176.21 MHz ( period = 5.675 ns )                    ; vga_controller:inst3|h_count[3] ; vga_controller:inst3|row[6]     ; clock_50mhz ; clock_50mhz ; None                        ; None                      ; 5.442 ns                ;
; N/A                                     ; 176.21 MHz ( period = 5.675 ns )                    ; vga_controller:inst3|h_count[3] ; vga_controller:inst3|row[5]     ; clock_50mhz ; clock_50mhz ; None                        ; None                      ; 5.442 ns                ;
; N/A                                     ; 176.21 MHz ( period = 5.675 ns )                    ; vga_controller:inst3|h_count[3] ; vga_controller:inst3|row[4]     ; clock_50mhz ; clock_50mhz ; None                        ; None                      ; 5.442 ns                ;
; N/A                                     ; 176.24 MHz ( period = 5.674 ns )                    ; vga_controller:inst3|v_count[5] ; vga_controller:inst3|disp_ena   ; clock_50mhz ; clock_50mhz ; None                        ; None                      ; 5.429 ns                ;
; N/A                                     ; 177.68 MHz ( period = 5.628 ns )                    ; vga_controller:inst3|v_count[9] ; vga_controller:inst3|row[8]     ; clock_50mhz ; clock_50mhz ; None                        ; None                      ; 5.389 ns                ;
; N/A                                     ; 177.68 MHz ( period = 5.628 ns )                    ; vga_controller:inst3|v_count[9] ; vga_controller:inst3|row[7]     ; clock_50mhz ; clock_50mhz ; None                        ; None                      ; 5.389 ns                ;
; N/A                                     ; 177.68 MHz ( period = 5.628 ns )                    ; vga_controller:inst3|v_count[9] ; vga_controller:inst3|row[6]     ; clock_50mhz ; clock_50mhz ; None                        ; None                      ; 5.389 ns                ;
; N/A                                     ; 177.68 MHz ( period = 5.628 ns )                    ; vga_controller:inst3|v_count[9] ; vga_controller:inst3|row[5]     ; clock_50mhz ; clock_50mhz ; None                        ; None                      ; 5.389 ns                ;
; N/A                                     ; 177.68 MHz ( period = 5.628 ns )                    ; vga_controller:inst3|v_count[9] ; vga_controller:inst3|row[4]     ; clock_50mhz ; clock_50mhz ; None                        ; None                      ; 5.389 ns                ;
; N/A                                     ; 177.81 MHz ( period = 5.624 ns )                    ; vga_controller:inst3|v_count[3] ; vga_controller:inst3|disp_ena   ; clock_50mhz ; clock_50mhz ; None                        ; None                      ; 5.379 ns                ;
; N/A                                     ; 179.73 MHz ( period = 5.564 ns )                    ; vga_controller:inst3|v_count[4] ; vga_controller:inst3|disp_ena   ; clock_50mhz ; clock_50mhz ; None                        ; None                      ; 5.319 ns                ;
; N/A                                     ; 180.34 MHz ( period = 5.545 ns )                    ; vga_controller:inst3|h_count[7] ; vga_controller:inst3|row[8]     ; clock_50mhz ; clock_50mhz ; None                        ; None                      ; 5.312 ns                ;
; N/A                                     ; 180.34 MHz ( period = 5.545 ns )                    ; vga_controller:inst3|h_count[7] ; vga_controller:inst3|row[7]     ; clock_50mhz ; clock_50mhz ; None                        ; None                      ; 5.312 ns                ;
; N/A                                     ; 180.34 MHz ( period = 5.545 ns )                    ; vga_controller:inst3|h_count[7] ; vga_controller:inst3|row[6]     ; clock_50mhz ; clock_50mhz ; None                        ; None                      ; 5.312 ns                ;
; N/A                                     ; 180.34 MHz ( period = 5.545 ns )                    ; vga_controller:inst3|h_count[7] ; vga_controller:inst3|row[5]     ; clock_50mhz ; clock_50mhz ; None                        ; None                      ; 5.312 ns                ;
; N/A                                     ; 180.34 MHz ( period = 5.545 ns )                    ; vga_controller:inst3|h_count[7] ; vga_controller:inst3|row[4]     ; clock_50mhz ; clock_50mhz ; None                        ; None                      ; 5.312 ns                ;
; N/A                                     ; 181.62 MHz ( period = 5.506 ns )                    ; vga_controller:inst3|v_count[7] ; vga_controller:inst3|disp_ena   ; clock_50mhz ; clock_50mhz ; None                        ; None                      ; 5.262 ns                ;
; N/A                                     ; 181.85 MHz ( period = 5.499 ns )                    ; vga_controller:inst3|h_count[1] ; vga_controller:inst3|disp_ena   ; clock_50mhz ; clock_50mhz ; None                        ; None                      ; 5.260 ns                ;
; N/A                                     ; 183.02 MHz ( period = 5.464 ns )                    ; vga_controller:inst3|h_count[0] ; vga_controller:inst3|disp_ena   ; clock_50mhz ; clock_50mhz ; None                        ; None                      ; 5.225 ns                ;
; N/A                                     ; 184.64 MHz ( period = 5.416 ns )                    ; vga_controller:inst3|v_count[6] ; vga_controller:inst3|disp_ena   ; clock_50mhz ; clock_50mhz ; None                        ; None                      ; 5.172 ns                ;
; N/A                                     ; 185.46 MHz ( period = 5.392 ns )                    ; vga_controller:inst3|v_count[0] ; vga_controller:inst3|disp_ena   ; clock_50mhz ; clock_50mhz ; None                        ; None                      ; 5.146 ns                ;
; N/A                                     ; 186.15 MHz ( period = 5.372 ns )                    ; vga_controller:inst3|v_count[5] ; vga_controller:inst3|v_sync     ; clock_50mhz ; clock_50mhz ; None                        ; None                      ; 5.133 ns                ;
; N/A                                     ; 186.22 MHz ( period = 5.370 ns )                    ; vga_controller:inst3|v_count[1] ; vga_controller:inst3|disp_ena   ; clock_50mhz ; clock_50mhz ; None                        ; None                      ; 5.124 ns                ;
; N/A                                     ; 186.81 MHz ( period = 5.353 ns )                    ; vga_controller:inst3|v_count[8] ; vga_controller:inst3|disp_ena   ; clock_50mhz ; clock_50mhz ; None                        ; None                      ; 5.109 ns                ;
; N/A                                     ; 187.90 MHz ( period = 5.322 ns )                    ; vga_controller:inst3|v_count[3] ; vga_controller:inst3|v_sync     ; clock_50mhz ; clock_50mhz ; None                        ; None                      ; 5.083 ns                ;
; N/A                                     ; 189.72 MHz ( period = 5.271 ns )                    ; vga_controller:inst3|v_count[2] ; vga_controller:inst3|disp_ena   ; clock_50mhz ; clock_50mhz ; None                        ; None                      ; 5.025 ns                ;
; N/A                                     ; 190.04 MHz ( period = 5.262 ns )                    ; vga_controller:inst3|v_count[4] ; vga_controller:inst3|v_sync     ; clock_50mhz ; clock_50mhz ; None                        ; None                      ; 5.023 ns                ;
; N/A                                     ; 190.29 MHz ( period = 5.255 ns )                    ; vga_controller:inst3|h_count[0] ; vga_controller:inst3|h_sync     ; clock_50mhz ; clock_50mhz ; None                        ; None                      ; 5.016 ns                ;
; N/A                                     ; 191.68 MHz ( period = 5.217 ns )                    ; vga_controller:inst3|h_count[1] ; vga_controller:inst3|h_sync     ; clock_50mhz ; clock_50mhz ; None                        ; None                      ; 4.978 ns                ;
; N/A                                     ; 192.16 MHz ( period = 5.204 ns )                    ; vga_controller:inst3|v_count[7] ; vga_controller:inst3|v_sync     ; clock_50mhz ; clock_50mhz ; None                        ; None                      ; 4.966 ns                ;
; N/A                                     ; 192.42 MHz ( period = 5.197 ns )                    ; vga_controller:inst3|h_count[1] ; vga_controller:inst3|v_sync     ; clock_50mhz ; clock_50mhz ; None                        ; None                      ; 4.964 ns                ;
; N/A                                     ; 193.65 MHz ( period = 5.164 ns )                    ; vga_controller:inst3|h_count[6] ; vga_controller:inst3|disp_ena   ; clock_50mhz ; clock_50mhz ; None                        ; None                      ; 4.925 ns                ;
; N/A                                     ; 193.72 MHz ( period = 5.162 ns )                    ; vga_controller:inst3|h_count[0] ; vga_controller:inst3|v_sync     ; clock_50mhz ; clock_50mhz ; None                        ; None                      ; 4.929 ns                ;
; N/A                                     ; 195.08 MHz ( period = 5.126 ns )                    ; vga_controller:inst3|h_count[4] ; vga_controller:inst3|disp_ena   ; clock_50mhz ; clock_50mhz ; None                        ; None                      ; 4.887 ns                ;
; N/A                                     ; 195.54 MHz ( period = 5.114 ns )                    ; vga_controller:inst3|v_count[6] ; vga_controller:inst3|v_sync     ; clock_50mhz ; clock_50mhz ; None                        ; None                      ; 4.876 ns                ;
; N/A                                     ; 195.58 MHz ( period = 5.113 ns )                    ; vga_controller:inst3|h_count[5] ; vga_controller:inst3|row[8]     ; clock_50mhz ; clock_50mhz ; None                        ; None                      ; 4.875 ns                ;
; N/A                                     ; 195.58 MHz ( period = 5.113 ns )                    ; vga_controller:inst3|h_count[5] ; vga_controller:inst3|row[7]     ; clock_50mhz ; clock_50mhz ; None                        ; None                      ; 4.875 ns                ;
; N/A                                     ; 195.58 MHz ( period = 5.113 ns )                    ; vga_controller:inst3|h_count[5] ; vga_controller:inst3|row[6]     ; clock_50mhz ; clock_50mhz ; None                        ; None                      ; 4.875 ns                ;
; N/A                                     ; 195.58 MHz ( period = 5.113 ns )                    ; vga_controller:inst3|h_count[5] ; vga_controller:inst3|row[5]     ; clock_50mhz ; clock_50mhz ; None                        ; None                      ; 4.875 ns                ;
; N/A                                     ; 195.58 MHz ( period = 5.113 ns )                    ; vga_controller:inst3|h_count[5] ; vga_controller:inst3|row[4]     ; clock_50mhz ; clock_50mhz ; None                        ; None                      ; 4.875 ns                ;
; N/A                                     ; 196.08 MHz ( period = 5.100 ns )                    ; vga_controller:inst3|h_count[2] ; vga_controller:inst3|h_sync     ; clock_50mhz ; clock_50mhz ; None                        ; None                      ; 4.861 ns                ;
; N/A                                     ; 196.19 MHz ( period = 5.097 ns )                    ; vga_controller:inst3|v_count[9] ; vga_controller:inst3|disp_ena   ; clock_50mhz ; clock_50mhz ; None                        ; None                      ; 4.852 ns                ;
; N/A                                     ; 196.46 MHz ( period = 5.090 ns )                    ; vga_controller:inst3|v_count[0] ; vga_controller:inst3|v_sync     ; clock_50mhz ; clock_50mhz ; None                        ; None                      ; 4.850 ns                ;
; N/A                                     ; 196.85 MHz ( period = 5.080 ns )                    ; vga_controller:inst3|h_count[2] ; vga_controller:inst3|disp_ena   ; clock_50mhz ; clock_50mhz ; None                        ; None                      ; 4.841 ns                ;
; N/A                                     ; 197.32 MHz ( period = 5.068 ns )                    ; vga_controller:inst3|v_count[1] ; vga_controller:inst3|v_sync     ; clock_50mhz ; clock_50mhz ; None                        ; None                      ; 4.828 ns                ;
; N/A                                     ; 197.98 MHz ( period = 5.051 ns )                    ; vga_controller:inst3|v_count[8] ; vga_controller:inst3|v_sync     ; clock_50mhz ; clock_50mhz ; None                        ; None                      ; 4.813 ns                ;
; N/A                                     ; 199.24 MHz ( period = 5.019 ns )                    ; vga_controller:inst3|h_count[0] ; vga_controller:inst3|column[7]  ; clock_50mhz ; clock_50mhz ; None                        ; None                      ; 4.780 ns                ;
; N/A                                     ; 199.24 MHz ( period = 5.019 ns )                    ; vga_controller:inst3|h_count[0] ; vga_controller:inst3|column[6]  ; clock_50mhz ; clock_50mhz ; None                        ; None                      ; 4.780 ns                ;
; N/A                                     ; 199.24 MHz ( period = 5.019 ns )                    ; vga_controller:inst3|h_count[0] ; vga_controller:inst3|column[5]  ; clock_50mhz ; clock_50mhz ; None                        ; None                      ; 4.780 ns                ;
; N/A                                     ; 199.24 MHz ( period = 5.019 ns )                    ; vga_controller:inst3|h_count[0] ; vga_controller:inst3|column[4]  ; clock_50mhz ; clock_50mhz ; None                        ; None                      ; 4.780 ns                ;
; N/A                                     ; 199.28 MHz ( period = 5.018 ns )                    ; vga_controller:inst3|h_count[3] ; vga_controller:inst3|h_sync     ; clock_50mhz ; clock_50mhz ; None                        ; None                      ; 4.779 ns                ;
; N/A                                     ; 200.76 MHz ( period = 4.981 ns )                    ; vga_controller:inst3|h_count[1] ; vga_controller:inst3|column[7]  ; clock_50mhz ; clock_50mhz ; None                        ; None                      ; 4.742 ns                ;
; N/A                                     ; 200.76 MHz ( period = 4.981 ns )                    ; vga_controller:inst3|h_count[1] ; vga_controller:inst3|column[6]  ; clock_50mhz ; clock_50mhz ; None                        ; None                      ; 4.742 ns                ;
; N/A                                     ; 200.76 MHz ( period = 4.981 ns )                    ; vga_controller:inst3|h_count[1] ; vga_controller:inst3|column[5]  ; clock_50mhz ; clock_50mhz ; None                        ; None                      ; 4.742 ns                ;
; N/A                                     ; 200.76 MHz ( period = 4.981 ns )                    ; vga_controller:inst3|h_count[1] ; vga_controller:inst3|column[4]  ; clock_50mhz ; clock_50mhz ; None                        ; None                      ; 4.742 ns                ;
; N/A                                     ; 201.05 MHz ( period = 4.974 ns )                    ; vga_controller:inst3|h_count[3] ; vga_controller:inst3|disp_ena   ; clock_50mhz ; clock_50mhz ; None                        ; None                      ; 4.735 ns                ;
; N/A                                     ; 201.25 MHz ( period = 4.969 ns )                    ; vga_controller:inst3|v_count[2] ; vga_controller:inst3|v_sync     ; clock_50mhz ; clock_50mhz ; None                        ; None                      ; 4.729 ns                ;
; N/A                                     ; 205.34 MHz ( period = 4.870 ns )                    ; vga_controller:inst3|h_count[6] ; vga_controller:inst3|column[7]  ; clock_50mhz ; clock_50mhz ; None                        ; None                      ; 4.631 ns                ;
; N/A                                     ; 205.34 MHz ( period = 4.870 ns )                    ; vga_controller:inst3|h_count[6] ; vga_controller:inst3|column[6]  ; clock_50mhz ; clock_50mhz ; None                        ; None                      ; 4.631 ns                ;
; N/A                                     ; 205.34 MHz ( period = 4.870 ns )                    ; vga_controller:inst3|h_count[6] ; vga_controller:inst3|column[5]  ; clock_50mhz ; clock_50mhz ; None                        ; None                      ; 4.631 ns                ;
; N/A                                     ; 205.34 MHz ( period = 4.870 ns )                    ; vga_controller:inst3|h_count[6] ; vga_controller:inst3|column[4]  ; clock_50mhz ; clock_50mhz ; None                        ; None                      ; 4.631 ns                ;
; N/A                                     ; 205.59 MHz ( period = 4.864 ns )                    ; vga_controller:inst3|h_count[2] ; vga_controller:inst3|column[7]  ; clock_50mhz ; clock_50mhz ; None                        ; None                      ; 4.625 ns                ;
; N/A                                     ; 205.59 MHz ( period = 4.864 ns )                    ; vga_controller:inst3|h_count[2] ; vga_controller:inst3|column[6]  ; clock_50mhz ; clock_50mhz ; None                        ; None                      ; 4.625 ns                ;
; N/A                                     ; 205.59 MHz ( period = 4.864 ns )                    ; vga_controller:inst3|h_count[2] ; vga_controller:inst3|column[5]  ; clock_50mhz ; clock_50mhz ; None                        ; None                      ; 4.625 ns                ;
; N/A                                     ; 205.59 MHz ( period = 4.864 ns )                    ; vga_controller:inst3|h_count[2] ; vga_controller:inst3|column[4]  ; clock_50mhz ; clock_50mhz ; None                        ; None                      ; 4.625 ns                ;
; N/A                                     ; 205.68 MHz ( period = 4.862 ns )                    ; vga_controller:inst3|h_count[6] ; vga_controller:inst3|v_sync     ; clock_50mhz ; clock_50mhz ; None                        ; None                      ; 4.629 ns                ;
; N/A                                     ; 206.44 MHz ( period = 4.844 ns )                    ; vga_controller:inst3|h_count[7] ; vga_controller:inst3|disp_ena   ; clock_50mhz ; clock_50mhz ; None                        ; None                      ; 4.605 ns                ;
; N/A                                     ; 207.30 MHz ( period = 4.824 ns )                    ; vga_controller:inst3|h_count[4] ; vga_controller:inst3|v_sync     ; clock_50mhz ; clock_50mhz ; None                        ; None                      ; 4.591 ns                ;
; N/A                                     ; 208.55 MHz ( period = 4.795 ns )                    ; vga_controller:inst3|v_count[9] ; vga_controller:inst3|v_sync     ; clock_50mhz ; clock_50mhz ; None                        ; None                      ; 4.556 ns                ;
; N/A                                     ; 209.12 MHz ( period = 4.782 ns )                    ; vga_controller:inst3|h_count[3] ; vga_controller:inst3|column[7]  ; clock_50mhz ; clock_50mhz ; None                        ; None                      ; 4.543 ns                ;
; N/A                                     ; 209.12 MHz ( period = 4.782 ns )                    ; vga_controller:inst3|h_count[3] ; vga_controller:inst3|column[6]  ; clock_50mhz ; clock_50mhz ; None                        ; None                      ; 4.543 ns                ;
; N/A                                     ; 209.12 MHz ( period = 4.782 ns )                    ; vga_controller:inst3|h_count[3] ; vga_controller:inst3|column[5]  ; clock_50mhz ; clock_50mhz ; None                        ; None                      ; 4.543 ns                ;
; N/A                                     ; 209.12 MHz ( period = 4.782 ns )                    ; vga_controller:inst3|h_count[3] ; vga_controller:inst3|column[4]  ; clock_50mhz ; clock_50mhz ; None                        ; None                      ; 4.543 ns                ;
; N/A                                     ; 209.29 MHz ( period = 4.778 ns )                    ; vga_controller:inst3|h_count[2] ; vga_controller:inst3|v_sync     ; clock_50mhz ; clock_50mhz ; None                        ; None                      ; 4.545 ns                ;
; N/A                                     ; 212.72 MHz ( period = 4.701 ns )                    ; vga_controller:inst3|h_count[4] ; vga_controller:inst3|column[7]  ; clock_50mhz ; clock_50mhz ; None                        ; None                      ; 4.462 ns                ;
; N/A                                     ; 212.72 MHz ( period = 4.701 ns )                    ; vga_controller:inst3|h_count[4] ; vga_controller:inst3|column[6]  ; clock_50mhz ; clock_50mhz ; None                        ; None                      ; 4.462 ns                ;
; N/A                                     ; 212.72 MHz ( period = 4.701 ns )                    ; vga_controller:inst3|h_count[4] ; vga_controller:inst3|column[5]  ; clock_50mhz ; clock_50mhz ; None                        ; None                      ; 4.462 ns                ;
; N/A                                     ; 212.72 MHz ( period = 4.701 ns )                    ; vga_controller:inst3|h_count[4] ; vga_controller:inst3|column[4]  ; clock_50mhz ; clock_50mhz ; None                        ; None                      ; 4.462 ns                ;
; N/A                                     ; 212.99 MHz ( period = 4.695 ns )                    ; vga_controller:inst3|h_count[0] ; vga_controller:inst3|h_count[5] ; clock_50mhz ; clock_50mhz ; None                        ; None                      ; 4.461 ns                ;
; N/A                                     ; 214.04 MHz ( period = 4.672 ns )                    ; vga_controller:inst3|h_count[3] ; vga_controller:inst3|v_sync     ; clock_50mhz ; clock_50mhz ; None                        ; None                      ; 4.439 ns                ;
; N/A                                     ; 214.73 MHz ( period = 4.657 ns )                    ; vga_controller:inst3|h_count[1] ; vga_controller:inst3|h_count[5] ; clock_50mhz ; clock_50mhz ; None                        ; None                      ; 4.423 ns                ;
; N/A                                     ; 215.84 MHz ( period = 4.633 ns )                    ; vga_controller:inst3|h_count[5] ; vga_controller:inst3|column[7]  ; clock_50mhz ; clock_50mhz ; None                        ; None                      ; 4.389 ns                ;
; N/A                                     ; 215.84 MHz ( period = 4.633 ns )                    ; vga_controller:inst3|h_count[5] ; vga_controller:inst3|column[6]  ; clock_50mhz ; clock_50mhz ; None                        ; None                      ; 4.389 ns                ;
; N/A                                     ; 215.84 MHz ( period = 4.633 ns )                    ; vga_controller:inst3|h_count[5] ; vga_controller:inst3|column[5]  ; clock_50mhz ; clock_50mhz ; None                        ; None                      ; 4.389 ns                ;
; N/A                                     ; 215.84 MHz ( period = 4.633 ns )                    ; vga_controller:inst3|h_count[5] ; vga_controller:inst3|column[4]  ; clock_50mhz ; clock_50mhz ; None                        ; None                      ; 4.389 ns                ;
; N/A                                     ; 217.58 MHz ( period = 4.596 ns )                    ; vga_controller:inst3|h_count[4] ; vga_controller:inst3|h_sync     ; clock_50mhz ; clock_50mhz ; None                        ; None                      ; 4.357 ns                ;
; N/A                                     ; 220.17 MHz ( period = 4.542 ns )                    ; vga_controller:inst3|h_count[7] ; vga_controller:inst3|v_sync     ; clock_50mhz ; clock_50mhz ; None                        ; None                      ; 4.309 ns                ;
; N/A                                     ; 220.26 MHz ( period = 4.540 ns )                    ; vga_controller:inst3|h_count[2] ; vga_controller:inst3|h_count[5] ; clock_50mhz ; clock_50mhz ; None                        ; None                      ; 4.306 ns                ;
; N/A                                     ; 221.04 MHz ( period = 4.524 ns )                    ; vga_controller:inst3|h_count[5] ; vga_controller:inst3|disp_ena   ; clock_50mhz ; clock_50mhz ; None                        ; None                      ; 4.280 ns                ;
; N/A                                     ; 224.32 MHz ( period = 4.458 ns )                    ; vga_controller:inst3|h_count[3] ; vga_controller:inst3|h_count[5] ; clock_50mhz ; clock_50mhz ; None                        ; None                      ; 4.224 ns                ;
; N/A                                     ; 228.47 MHz ( period = 4.377 ns )                    ; vga_controller:inst3|h_count[4] ; vga_controller:inst3|h_count[5] ; clock_50mhz ; clock_50mhz ; None                        ; None                      ; 4.143 ns                ;
; N/A                                     ; 229.52 MHz ( period = 4.357 ns )                    ; vga_controller:inst3|h_count[0] ; vga_controller:inst3|h_count[7] ; clock_50mhz ; clock_50mhz ; None                        ; None                      ; 4.118 ns                ;
; N/A                                     ; 231.54 MHz ( period = 4.319 ns )                    ; vga_controller:inst3|h_count[1] ; vga_controller:inst3|h_count[7] ; clock_50mhz ; clock_50mhz ; None                        ; None                      ; 4.080 ns                ;
; N/A                                     ; 237.47 MHz ( period = 4.211 ns )                    ; vga_controller:inst3|h_count[6] ; vga_controller:inst3|h_sync     ; clock_50mhz ; clock_50mhz ; None                        ; None                      ; 3.972 ns                ;
; N/A                                     ; 237.64 MHz ( period = 4.208 ns )                    ; vga_controller:inst3|h_count[6] ; vga_controller:inst3|h_count[7] ; clock_50mhz ; clock_50mhz ; None                        ; None                      ; 3.969 ns                ;
; N/A                                     ; 237.98 MHz ( period = 4.202 ns )                    ; vga_controller:inst3|h_count[2] ; vga_controller:inst3|h_count[7] ; clock_50mhz ; clock_50mhz ; None                        ; None                      ; 3.963 ns                ;
; N/A                                     ; 241.08 MHz ( period = 4.148 ns )                    ; vga_controller:inst3|h_count[1] ; vga_controller:inst3|v_count[4] ; clock_50mhz ; clock_50mhz ; None                        ; None                      ; 3.915 ns                ;
; N/A                                     ; 241.14 MHz ( period = 4.147 ns )                    ; vga_controller:inst3|h_count[1] ; vga_controller:inst3|v_count[3] ; clock_50mhz ; clock_50mhz ; None                        ; None                      ; 3.914 ns                ;
; N/A                                     ; 242.72 MHz ( period = 4.120 ns )                    ; vga_controller:inst3|h_count[3] ; vga_controller:inst3|h_count[7] ; clock_50mhz ; clock_50mhz ; None                        ; None                      ; 3.881 ns                ;
; N/A                                     ; 242.78 MHz ( period = 4.119 ns )                    ; vga_controller:inst3|h_count[7] ; vga_controller:inst3|column[7]  ; clock_50mhz ; clock_50mhz ; None                        ; None                      ; 3.880 ns                ;
; N/A                                     ; 242.78 MHz ( period = 4.119 ns )                    ; vga_controller:inst3|h_count[7] ; vga_controller:inst3|column[6]  ; clock_50mhz ; clock_50mhz ; None                        ; None                      ; 3.880 ns                ;
; N/A                                     ; 242.78 MHz ( period = 4.119 ns )                    ; vga_controller:inst3|h_count[7] ; vga_controller:inst3|column[5]  ; clock_50mhz ; clock_50mhz ; None                        ; None                      ; 3.880 ns                ;
; N/A                                     ; 242.78 MHz ( period = 4.119 ns )                    ; vga_controller:inst3|h_count[7] ; vga_controller:inst3|column[4]  ; clock_50mhz ; clock_50mhz ; None                        ; None                      ; 3.880 ns                ;
; N/A                                     ; 243.13 MHz ( period = 4.113 ns )                    ; vga_controller:inst3|h_count[0] ; vga_controller:inst3|v_count[4] ; clock_50mhz ; clock_50mhz ; None                        ; None                      ; 3.880 ns                ;
; N/A                                     ; 243.19 MHz ( period = 4.112 ns )                    ; vga_controller:inst3|h_count[0] ; vga_controller:inst3|v_count[3] ; clock_50mhz ; clock_50mhz ; None                        ; None                      ; 3.879 ns                ;
; N/A                                     ; 243.31 MHz ( period = 4.110 ns )                    ; vga_controller:inst3|h_count[5] ; vga_controller:inst3|v_sync     ; clock_50mhz ; clock_50mhz ; None                        ; None                      ; 3.872 ns                ;
; N/A                                     ; 243.61 MHz ( period = 4.105 ns )                    ; vga_controller:inst3|h_count[1] ; vga_controller:inst3|v_count[0] ; clock_50mhz ; clock_50mhz ; None                        ; None                      ; 3.873 ns                ;
; N/A                                     ; 243.61 MHz ( period = 4.105 ns )                    ; vga_controller:inst3|h_count[1] ; vga_controller:inst3|v_count[2] ; clock_50mhz ; clock_50mhz ; None                        ; None                      ; 3.873 ns                ;
; N/A                                     ; 245.70 MHz ( period = 4.070 ns )                    ; vga_controller:inst3|h_count[0] ; vga_controller:inst3|v_count[0] ; clock_50mhz ; clock_50mhz ; None                        ; None                      ; 3.838 ns                ;
; N/A                                     ; 245.70 MHz ( period = 4.070 ns )                    ; vga_controller:inst3|h_count[0] ; vga_controller:inst3|v_count[2] ; clock_50mhz ; clock_50mhz ; None                        ; None                      ; 3.838 ns                ;
; N/A                                     ; 245.82 MHz ( period = 4.068 ns )                    ; vga_controller:inst3|v_count[5] ; vga_controller:inst3|v_count[4] ; clock_50mhz ; clock_50mhz ; None                        ; None                      ; 3.829 ns                ;
; N/A                                     ; 247.59 MHz ( period = 4.039 ns )                    ; vga_controller:inst3|h_count[4] ; vga_controller:inst3|h_count[7] ; clock_50mhz ; clock_50mhz ; None                        ; None                      ; 3.800 ns                ;
; N/A                                     ; 250.56 MHz ( period = 3.991 ns )                    ; vga_controller:inst3|h_count[5] ; vga_controller:inst3|h_sync     ; clock_50mhz ; clock_50mhz ; None                        ; None                      ; 3.747 ns                ;
; N/A                                     ; 251.83 MHz ( period = 3.971 ns )                    ; vga_controller:inst3|h_count[5] ; vga_controller:inst3|h_count[7] ; clock_50mhz ; clock_50mhz ; None                        ; None                      ; 3.727 ns                ;
; N/A                                     ; 252.78 MHz ( period = 3.956 ns )                    ; vga_controller:inst3|h_count[5] ; vga_controller:inst3|h_count[5] ; clock_50mhz ; clock_50mhz ; None                        ; None                      ; 3.717 ns                ;
; N/A                                     ; 253.16 MHz ( period = 3.950 ns )                    ; vga_controller:inst3|v_count[3] ; vga_controller:inst3|v_count[4] ; clock_50mhz ; clock_50mhz ; None                        ; None                      ; 3.711 ns                ;
; N/A                                     ; 254.00 MHz ( period = 3.937 ns )                    ; vga_controller:inst3|v_count[4] ; vga_controller:inst3|v_count[4] ; clock_50mhz ; clock_50mhz ; None                        ; None                      ; 3.698 ns                ;
; N/A                                     ; 256.41 MHz ( period = 3.900 ns )                    ; vga_controller:inst3|v_count[7] ; vga_controller:inst3|v_count[4] ; clock_50mhz ; clock_50mhz ; None                        ; None                      ; 3.662 ns                ;
; N/A                                     ; 262.26 MHz ( period = 3.813 ns )                    ; vga_controller:inst3|h_count[6] ; vga_controller:inst3|v_count[4] ; clock_50mhz ; clock_50mhz ; None                        ; None                      ; 3.580 ns                ;
; N/A                                     ; 262.33 MHz ( period = 3.812 ns )                    ; vga_controller:inst3|h_count[6] ; vga_controller:inst3|v_count[3] ; clock_50mhz ; clock_50mhz ; None                        ; None                      ; 3.579 ns                ;
; N/A                                     ; 262.67 MHz ( period = 3.807 ns )                    ; vga_controller:inst3|v_count[5] ; vga_controller:inst3|v_count[9] ; clock_50mhz ; clock_50mhz ; None                        ; None                      ; 3.568 ns                ;
; N/A                                     ; 262.88 MHz ( period = 3.804 ns )                    ; vga_controller:inst3|v_count[5] ; vga_controller:inst3|v_count[5] ; clock_50mhz ; clock_50mhz ; None                        ; None                      ; 3.565 ns                ;
; N/A                                     ; 263.02 MHz ( period = 3.802 ns )                    ; vga_controller:inst3|h_count[1] ; vga_controller:inst3|v_count[9] ; clock_50mhz ; clock_50mhz ; None                        ; None                      ; 3.569 ns                ;
; N/A                                     ; 263.02 MHz ( period = 3.802 ns )                    ; vga_controller:inst3|v_count[5] ; vga_controller:inst3|v_count[3] ; clock_50mhz ; clock_50mhz ; None                        ; None                      ; 3.563 ns                ;
; N/A                                     ; 263.16 MHz ( period = 3.800 ns )                    ; vga_controller:inst3|h_count[1] ; vga_controller:inst3|v_count[5] ; clock_50mhz ; clock_50mhz ; None                        ; None                      ; 3.567 ns                ;
; N/A                                     ; 263.57 MHz ( period = 3.794 ns )                    ; vga_controller:inst3|v_count[5] ; vga_controller:inst3|v_count[6] ; clock_50mhz ; clock_50mhz ; None                        ; None                      ; 3.554 ns                ;
; N/A                                     ; 263.57 MHz ( period = 3.794 ns )                    ; vga_controller:inst3|v_count[5] ; vga_controller:inst3|v_count[8] ; clock_50mhz ; clock_50mhz ; None                        ; None                      ; 3.554 ns                ;
; N/A                                     ; 263.57 MHz ( period = 3.794 ns )                    ; vga_controller:inst3|v_count[5] ; vga_controller:inst3|v_count[7] ; clock_50mhz ; clock_50mhz ; None                        ; None                      ; 3.554 ns                ;
; Timing analysis restricted to 200 rows. ; To change the limit use Settings (Assignments menu) ;                                 ;                                 ;             ;             ;                             ;                           ;                         ;
+-----------------------------------------+-----------------------------------------------------+---------------------------------+---------------------------------+-------------+-------------+-----------------------------+---------------------------+-------------------------+


+----------------------------------------------------------------------------------------------+
; tco                                                                                          ;
+-------+--------------+------------+--------------------------------+-----------+-------------+
; Slack ; Required tco ; Actual tco ; From                           ; To        ; From Clock  ;
+-------+--------------+------------+--------------------------------+-----------+-------------+
; N/A   ; None         ; 12.696 ns  ; vga_controller:inst3|column[7] ; vga_g[0]  ; clock_50mhz ;
; N/A   ; None         ; 12.525 ns  ; vga_controller:inst3|column[5] ; vga_g[0]  ; clock_50mhz ;
; N/A   ; None         ; 12.439 ns  ; vga_controller:inst3|column[7] ; vga_g[2]  ; clock_50mhz ;
; N/A   ; None         ; 12.268 ns  ; vga_controller:inst3|column[5] ; vga_g[2]  ; clock_50mhz ;
; N/A   ; None         ; 12.125 ns  ; vga_controller:inst3|column[6] ; vga_g[0]  ; clock_50mhz ;
; N/A   ; None         ; 11.952 ns  ; vga_controller:inst3|column[4] ; vga_g[0]  ; clock_50mhz ;
; N/A   ; None         ; 11.868 ns  ; vga_controller:inst3|column[6] ; vga_g[2]  ; clock_50mhz ;
; N/A   ; None         ; 11.701 ns  ; vga_controller:inst3|disp_ena  ; vga_g[0]  ; clock_50mhz ;
; N/A   ; None         ; 11.695 ns  ; vga_controller:inst3|column[4] ; vga_g[2]  ; clock_50mhz ;
; N/A   ; None         ; 11.598 ns  ; vga_controller:inst3|row[7]    ; vga_g[0]  ; clock_50mhz ;
; N/A   ; None         ; 11.563 ns  ; vga_controller:inst3|row[5]    ; vga_g[0]  ; clock_50mhz ;
; N/A   ; None         ; 11.444 ns  ; vga_controller:inst3|disp_ena  ; vga_g[2]  ; clock_50mhz ;
; N/A   ; None         ; 11.341 ns  ; vga_controller:inst3|row[7]    ; vga_g[2]  ; clock_50mhz ;
; N/A   ; None         ; 11.306 ns  ; vga_controller:inst3|row[5]    ; vga_g[2]  ; clock_50mhz ;
; N/A   ; None         ; 11.244 ns  ; vga_controller:inst3|row[6]    ; vga_g[0]  ; clock_50mhz ;
; N/A   ; None         ; 11.072 ns  ; vga_controller:inst3|row[4]    ; vga_g[0]  ; clock_50mhz ;
; N/A   ; None         ; 10.987 ns  ; vga_controller:inst3|row[6]    ; vga_g[2]  ; clock_50mhz ;
; N/A   ; None         ; 10.815 ns  ; vga_controller:inst3|row[4]    ; vga_g[2]  ; clock_50mhz ;
; N/A   ; None         ; 10.603 ns  ; vga_controller:inst3|row[8]    ; vga_g[0]  ; clock_50mhz ;
; N/A   ; None         ; 10.346 ns  ; vga_controller:inst3|row[8]    ; vga_g[2]  ; clock_50mhz ;
; N/A   ; None         ; 10.284 ns  ; vga_controller:inst3|disp_ena  ; vga_r[1]  ; clock_50mhz ;
; N/A   ; None         ; 10.036 ns  ; vga_controller:inst3|disp_ena  ; vga_r[2]  ; clock_50mhz ;
; N/A   ; None         ; 10.012 ns  ; vga_controller:inst3|disp_ena  ; vga_r[0]  ; clock_50mhz ;
; N/A   ; None         ; 10.006 ns  ; vga_controller:inst3|disp_ena  ; vga_r[3]  ; clock_50mhz ;
; N/A   ; None         ; 10.004 ns  ; vga_controller:inst3|h_sync    ; vga_hsync ; clock_50mhz ;
; N/A   ; None         ; 9.669 ns   ; vga_controller:inst3|v_sync    ; vga_vsync ; clock_50mhz ;
+-------+--------------+------------+--------------------------------+-----------+-------------+


+--------------------------+
; Timing Analyzer Messages ;
+--------------------------+
Info: *******************************************************************
Info: Running Quartus II Classic Timing Analyzer
    Info: Version 10.0 Build 262 08/18/2010 Service Pack 1 SJ Full Version
    Info: Processing started: Thu Oct 10 12:23:08 2013
Info: Command: quartus_tan --read_settings_files=off --write_settings_files=off de1 -c top_de1 --timing_analysis_only
Warning: Classic Timing Analyzer will not be available in a future release of the Quartus II software. Use the TimeQuest Timing Analyzer to run timing analysis on your design. Convert all the project settings and the timing constraints to TimeQuest Timing Analyzer equivalents.
Info: Parallel compilation is enabled and will use 4 of the 4 processors detected
Warning: Found pins functioning as undefined clocks and/or memory enables
    Info: Assuming node "clock_50mhz" is an undefined clock
Warning: Found 1 node(s) in clock paths which may be acting as ripple and/or gated clocks -- node(s) analyzed as buffer(s) resulting in clock skew
    Info: Detected ripple clock "gen6mhz:inst1|count[2]" as buffer
Info: Clock "clock_50mhz" has Internal fmax of 161.16 MHz between source register "vga_controller:inst3|v_count[5]" and destination register "vga_controller:inst3|row[8]" (period= 6.205 ns)
    Info: + Longest register to register delay is 5.966 ns
        Info: 1: + IC(0.000 ns) + CELL(0.000 ns) = 0.000 ns; Loc. = LCFF_X19_Y14_N31; Fanout = 4; REG Node = 'vga_controller:inst3|v_count[5]'
        Info: 2: + IC(0.943 ns) + CELL(0.458 ns) = 1.401 ns; Loc. = LCCOMB_X19_Y13_N4; Fanout = 1; COMB Node = 'vga_controller:inst3|LessThan1~1'
        Info: 3: + IC(0.300 ns) + CELL(0.319 ns) = 2.020 ns; Loc. = LCCOMB_X19_Y13_N6; Fanout = 11; COMB Node = 'vga_controller:inst3|LessThan1~2'
        Info: 4: + IC(0.931 ns) + CELL(0.521 ns) = 3.472 ns; Loc. = LCCOMB_X19_Y14_N2; Fanout = 4; COMB Node = 'vga_controller:inst3|Add1~21'
        Info: 5: + IC(0.850 ns) + CELL(0.457 ns) = 4.779 ns; Loc. = LCCOMB_X18_Y14_N30; Fanout = 5; COMB Node = 'vga_controller:inst3|LessThan7~0'
        Info: 6: + IC(0.429 ns) + CELL(0.758 ns) = 5.966 ns; Loc. = LCFF_X19_Y14_N11; Fanout = 1; REG Node = 'vga_controller:inst3|row[8]'
        Info: Total cell delay = 2.513 ns ( 42.12 % )
        Info: Total interconnect delay = 3.453 ns ( 57.88 % )
    Info: - Smallest clock skew is 0.000 ns
        Info: + Shortest clock path from clock "clock_50mhz" to destination register is 4.609 ns
            Info: 1: + IC(0.000 ns) + CELL(1.026 ns) = 1.026 ns; Loc. = PIN_L1; Fanout = 2; CLK Node = 'clock_50mhz'
            Info: 2: + IC(0.404 ns) + CELL(0.879 ns) = 2.309 ns; Loc. = LCFF_X1_Y13_N13; Fanout = 2; REG Node = 'gen6mhz:inst1|count[2]'
            Info: 3: + IC(0.703 ns) + CELL(0.000 ns) = 3.012 ns; Loc. = CLKCTRL_G1; Fanout = 30; COMB Node = 'gen6mhz:inst1|count[2]~clkctrl'
            Info: 4: + IC(0.995 ns) + CELL(0.602 ns) = 4.609 ns; Loc. = LCFF_X19_Y14_N11; Fanout = 1; REG Node = 'vga_controller:inst3|row[8]'
            Info: Total cell delay = 2.507 ns ( 54.39 % )
            Info: Total interconnect delay = 2.102 ns ( 45.61 % )
        Info: - Longest clock path from clock "clock_50mhz" to source register is 4.609 ns
            Info: 1: + IC(0.000 ns) + CELL(1.026 ns) = 1.026 ns; Loc. = PIN_L1; Fanout = 2; CLK Node = 'clock_50mhz'
            Info: 2: + IC(0.404 ns) + CELL(0.879 ns) = 2.309 ns; Loc. = LCFF_X1_Y13_N13; Fanout = 2; REG Node = 'gen6mhz:inst1|count[2]'
            Info: 3: + IC(0.703 ns) + CELL(0.000 ns) = 3.012 ns; Loc. = CLKCTRL_G1; Fanout = 30; COMB Node = 'gen6mhz:inst1|count[2]~clkctrl'
            Info: 4: + IC(0.995 ns) + CELL(0.602 ns) = 4.609 ns; Loc. = LCFF_X19_Y14_N31; Fanout = 4; REG Node = 'vga_controller:inst3|v_count[5]'
            Info: Total cell delay = 2.507 ns ( 54.39 % )
            Info: Total interconnect delay = 2.102 ns ( 45.61 % )
    Info: + Micro clock to output delay of source is 0.277 ns
    Info: + Micro setup delay of destination is -0.038 ns
Info: tco from clock "clock_50mhz" to destination pin "vga_g[0]" through register "vga_controller:inst3|column[7]" is 12.696 ns
    Info: + Longest clock path from clock "clock_50mhz" to source register is 4.603 ns
        Info: 1: + IC(0.000 ns) + CELL(1.026 ns) = 1.026 ns; Loc. = PIN_L1; Fanout = 2; CLK Node = 'clock_50mhz'
        Info: 2: + IC(0.404 ns) + CELL(0.879 ns) = 2.309 ns; Loc. = LCFF_X1_Y13_N13; Fanout = 2; REG Node = 'gen6mhz:inst1|count[2]'
        Info: 3: + IC(0.703 ns) + CELL(0.000 ns) = 3.012 ns; Loc. = CLKCTRL_G1; Fanout = 30; COMB Node = 'gen6mhz:inst1|count[2]~clkctrl'
        Info: 4: + IC(0.989 ns) + CELL(0.602 ns) = 4.603 ns; Loc. = LCFF_X16_Y14_N5; Fanout = 1; REG Node = 'vga_controller:inst3|column[7]'
        Info: Total cell delay = 2.507 ns ( 54.46 % )
        Info: Total interconnect delay = 2.096 ns ( 45.54 % )
    Info: + Micro clock to output delay of source is 0.277 ns
    Info: + Longest register to pin delay is 7.816 ns
        Info: 1: + IC(0.000 ns) + CELL(0.000 ns) = 0.000 ns; Loc. = LCFF_X16_Y14_N5; Fanout = 1; REG Node = 'vga_controller:inst3|column[7]'
        Info: 2: + IC(0.581 ns) + CELL(0.521 ns) = 1.102 ns; Loc. = LCCOMB_X16_Y14_N18; Fanout = 1; COMB Node = 'hw_image_generator:inst4|green[2]~1'
        Info: 3: + IC(0.834 ns) + CELL(0.521 ns) = 2.457 ns; Loc. = LCCOMB_X19_Y14_N10; Fanout = 2; COMB Node = 'hw_image_generator:inst4|green[2]~2'
        Info: 4: + IC(2.353 ns) + CELL(3.006 ns) = 7.816 ns; Loc. = PIN_B8; Fanout = 0; PIN Node = 'vga_g[0]'
        Info: Total cell delay = 4.048 ns ( 51.79 % )
        Info: Total interconnect delay = 3.768 ns ( 48.21 % )
Info: Quartus II Classic Timing Analyzer was successful. 0 errors, 3 warnings
    Info: Peak virtual memory: 190 megabytes
    Info: Processing ended: Thu Oct 10 12:23:09 2013
    Info: Elapsed time: 00:00:01
    Info: Total CPU time (on all processors): 00:00:00


