Flow report for top_de1
Sat Dec 14 18:52:08 2013
Quartus II 64-Bit Version 13.0.1 Build 232 06/12/2013 Service Pack 1 SJ Web Edition


---------------------
; Table of Contents ;
---------------------
  1. Legal Notice
  2. Flow Summary
  3. Flow Settings
  4. Flow Non-Default Global Settings
  5. Flow Elapsed Time
  6. Flow OS Summary
  7. Flow Log
  8. Flow Messages
  9. Flow Suppressed Messages



----------------
; Legal Notice ;
----------------
Copyright (C) 1991-2013 Altera Corporation
Your use of Altera Corporation's design tools, logic functions 
and other software and tools, and its AMPP partner logic 
functions, and any output files from any of the foregoing 
(including device programming or simulation files), and any 
associated documentation or information are expressly subject 
to the terms and conditions of the Altera Program License 
Subscription Agreement, Altera MegaCore Function License 
Agreement, or other applicable license agreement, including, 
without limitation, that your use is for the sole purpose of 
programming logic devices manufactured by Altera and sold by 
Altera or its authorized distributors.  Please refer to the 
applicable agreement for further details.



+--------------------------------------------------------------------------------------+
; Flow Summary                                                                         ;
+------------------------------------+-------------------------------------------------+
; Flow Status                        ; Successful - Sat Dec 14 18:52:08 2013           ;
; Quartus II 64-Bit Version          ; 13.0.1 Build 232 06/12/2013 SP 1 SJ Web Edition ;
; Revision Name                      ; top_de1                                         ;
; Top-level Entity Name              ; top_de1                                         ;
; Family                             ; Cyclone II                                      ;
; Device                             ; EP2C20F484C7                                    ;
; Timing Models                      ; Final                                           ;
; Total logic elements               ; 553 / 18,752 ( 3 % )                            ;
;     Total combinational functions  ; 544 / 18,752 ( 3 % )                            ;
;     Dedicated logic registers      ; 145 / 18,752 ( < 1 % )                          ;
; Total registers                    ; 145                                             ;
; Total pins                         ; 93 / 315 ( 30 % )                               ;
; Total virtual pins                 ; 0                                               ;
; Total memory bits                  ; 0 / 239,616 ( 0 % )                             ;
; Embedded Multiplier 9-bit elements ; 0 / 52 ( 0 % )                                  ;
; Total PLLs                         ; 0 / 4 ( 0 % )                                   ;
+------------------------------------+-------------------------------------------------+


+-----------------------------------------+
; Flow Settings                           ;
+-------------------+---------------------+
; Option            ; Setting             ;
+-------------------+---------------------+
; Start date & time ; 12/14/2013 18:51:49 ;
; Main task         ; Compilation         ;
; Revision Name     ; top_de1             ;
+-------------------+---------------------+


+---------------------------------------------------------------------------------------------------------------------------------------------------------------------------------------------+
; Flow Non-Default Global Settings                                                                                                                                                            ;
+------------------------------------------------+------------------------------------------------------------------------------------+---------------+-------------+-------------------------+
; Assignment Name                                ; Value                                                                              ; Default Value ; Entity Name ; Section Id              ;
+------------------------------------------------+------------------------------------------------------------------------------------+---------------+-------------+-------------------------+
; ALLOW_POWER_UP_DONT_CARE                       ; Off                                                                                ; On            ; --          ; --                      ;
; COMPILER_SIGNATURE_ID                          ; 105788761862672.138704350910168                                                    ; --            ; --          ; --                      ;
; CYCLONEII_OPTIMIZATION_TECHNIQUE               ; Area                                                                               ; Balanced      ; --          ; --                      ;
; EDA_BOARD_DESIGN_SYMBOL_TOOL                   ; FPGA Xchange (Symbol)                                                              ; <None>        ; --          ; --                      ;
; EDA_OUTPUT_DATA_FORMAT                         ; Fpga Xchange                                                                       ; --            ; --          ; eda_board_design_symbol ;
; EDA_SIMULATION_TOOL                            ; ModelSim (VHDL)                                                                    ; <None>        ; --          ; --                      ;
; EDA_USER_COMPILED_SIMULATION_LIBRARY_DIRECTORY ; C:\Users\Erwin\Documents\GitHub\DaC\hardware\gpu                                   ; --            ; --          ; eda_simulation          ;
; ENABLE_SIGNALTAP                               ; Off                                                                                ; --            ; --          ; --                      ;
; FLOW_ENABLE_IO_ASSIGNMENT_ANALYSIS             ; On                                                                                 ; Off           ; --          ; --                      ;
; MAX_CORE_JUNCTION_TEMP                         ; 85                                                                                 ; --            ; --          ; --                      ;
; MIN_CORE_JUNCTION_TEMP                         ; 0                                                                                  ; --            ; --          ; --                      ;
; PARTITION_COLOR                                ; 16764057                                                                           ; --            ; --          ; Top                     ;
; PARTITION_FITTER_PRESERVATION_LEVEL            ; PLACEMENT_AND_ROUTING                                                              ; --            ; --          ; Top                     ;
; PARTITION_NETLIST_TYPE                         ; SOURCE                                                                             ; --            ; --          ; Top                     ;
; POWER_BOARD_THERMAL_MODEL                      ; None (CONSERVATIVE)                                                                ; --            ; --          ; --                      ;
; POWER_PRESET_COOLING_SOLUTION                  ; 23 MM HEAT SINK WITH 200 LFPM AIRFLOW                                              ; --            ; --          ; --                      ;
; SLD_FILE                                       ; C:/Users/Erwin/Documents/GitHub/DaC/hardware/gpu/quartus/stp_de1_auto_stripped.stp ; --            ; --          ; --                      ;
; SMART_RECOMPILE                                ; On                                                                                 ; Off           ; --          ; --                      ;
; USE_SIGNALTAP_FILE                             ; stp_de1.stp                                                                        ; --            ; --          ; --                      ;
+------------------------------------------------+------------------------------------------------------------------------------------+---------------+-------------+-------------------------+


+-------------------------------------------------------------------------------------------------------------------------------+
; Flow Elapsed Time                                                                                                             ;
+---------------------------+--------------+-------------------------+---------------------+------------------------------------+
; Module Name               ; Elapsed Time ; Average Processors Used ; Peak Virtual Memory ; Total CPU Time (on all processors) ;
+---------------------------+--------------+-------------------------+---------------------+------------------------------------+
; Analysis & Synthesis      ; 00:00:03     ; 1.0                     ; 495 MB              ; 00:00:04                           ;
; I/O Assignment Analysis   ; 00:00:02     ; 1.0                     ; 620 MB              ; 00:00:02                           ;
; Fitter                    ; 00:00:05     ; 1.0                     ; 1043 MB             ; 00:00:08                           ;
; Assembler                 ; 00:00:02     ; 1.0                     ; 434 MB              ; 00:00:01                           ;
; TimeQuest Timing Analyzer ; 00:00:01     ; 1.0                     ; 474 MB              ; 00:00:01                           ;
; EDA Netlist Writer        ; 00:00:01     ; 1.0                     ; 395 MB              ; 00:00:01                           ;
; Total                     ; 00:00:14     ; --                      ; --                  ; 00:00:17                           ;
+---------------------------+--------------+-------------------------+---------------------+------------------------------------+


+----------------------------------------------------------------------------------------+
; Flow OS Summary                                                                        ;
+---------------------------+------------------+-----------+------------+----------------+
; Module Name               ; Machine Hostname ; OS Name   ; OS Version ; Processor type ;
+---------------------------+------------------+-----------+------------+----------------+
; Analysis & Synthesis      ; Erwin-Laptop     ; Windows 7 ; 6.2        ; x86_64         ;
; I/O Assignment Analysis   ; Erwin-Laptop     ; Windows 7 ; 6.2        ; x86_64         ;
; Fitter                    ; Erwin-Laptop     ; Windows 7 ; 6.2        ; x86_64         ;
; Assembler                 ; Erwin-Laptop     ; Windows 7 ; 6.2        ; x86_64         ;
; TimeQuest Timing Analyzer ; Erwin-Laptop     ; Windows 7 ; 6.2        ; x86_64         ;
; EDA Netlist Writer        ; Erwin-Laptop     ; Windows 7 ; 6.2        ; x86_64         ;
+---------------------------+------------------+-----------+------------+----------------+


------------
; Flow Log ;
------------
quartus_map --read_settings_files=on --write_settings_files=off de1 -c top_de1
quartus_fit --read_settings_files=off --write_settings_files=off de1 -c top_de1 --check_ios
quartus_fit --read_settings_files=off --write_settings_files=off de1 -c top_de1
quartus_asm --read_settings_files=off --write_settings_files=off de1 -c top_de1
quartus_sta de1 -c top_de1
quartus_eda --read_settings_files=off --write_settings_files=off de1 -c top_de1



