Analysis & Synthesis report for top_de1
Mon Nov 18 15:06:25 2013
Quartus II 64-Bit Version 13.0.1 Build 232 06/12/2013 Service Pack 1 SJ Web Edition


---------------------
; Table of Contents ;
---------------------
  1. Legal Notice
  2. Analysis & Synthesis Summary
  3. Analysis & Synthesis Settings
  4. Parallel Compilation
  5. Analysis & Synthesis Source Files Read
  6. Analysis & Synthesis Resource Usage Summary
  7. Analysis & Synthesis Resource Utilization by Entity
  8. Registers Removed During Synthesis
  9. Removed Registers Triggering Further Register Optimizations
 10. General Register Statistics
 11. Inverted Register Statistics
 12. Multiplexer Restructuring Statistics (Restructuring Performed)
 13. Parameter Settings for User Entity Instance: gpu:inst2|vgacontroller:vgacontroller1
 14. Parameter Settings for User Entity Instance: gpu:inst2|spi:spi1
 15. Port Connectivity Checks: "gpu:inst2|spi:spi1"
 16. Port Connectivity Checks: "gpu:inst2|vgacontroller:vgacontroller1"
 17. Elapsed Time Per Partition
 18. Analysis & Synthesis Messages



----------------
; Legal Notice ;
----------------
Copyright (C) 1991-2013 Altera Corporation
Your use of Altera Corporation's design tools, logic functions 
and other software and tools, and its AMPP partner logic 
functions, and any output files from any of the foregoing 
(including device programming or simulation files), and any 
associated documentation or information are expressly subject 
to the terms and conditions of the Altera Program License 
Subscription Agreement, Altera MegaCore Function License 
Agreement, or other applicable license agreement, including, 
without limitation, that your use is for the sole purpose of 
programming logic devices manufactured by Altera and sold by 
Altera or its authorized distributors.  Please refer to the 
applicable agreement for further details.



+--------------------------------------------------------------------------------------+
; Analysis & Synthesis Summary                                                         ;
+------------------------------------+-------------------------------------------------+
; Analysis & Synthesis Status        ; Successful - Mon Nov 18 15:06:25 2013           ;
; Quartus II 64-Bit Version          ; 13.0.1 Build 232 06/12/2013 SP 1 SJ Web Edition ;
; Revision Name                      ; top_de1                                         ;
; Top-level Entity Name              ; top_de1                                         ;
; Family                             ; Cyclone II                                      ;
; Total logic elements               ; 89                                              ;
;     Total combinational functions  ; 73                                              ;
;     Dedicated logic registers      ; 46                                              ;
; Total registers                    ; 46                                              ;
; Total pins                         ; 40                                              ;
; Total virtual pins                 ; 0                                               ;
; Total memory bits                  ; 0                                               ;
; Embedded Multiplier 9-bit elements ; 0                                               ;
; Total PLLs                         ; 0                                               ;
+------------------------------------+-------------------------------------------------+


+----------------------------------------------------------------------------------------------------------------------+
; Analysis & Synthesis Settings                                                                                        ;
+----------------------------------------------------------------------------+--------------------+--------------------+
; Option                                                                     ; Setting            ; Default Value      ;
+----------------------------------------------------------------------------+--------------------+--------------------+
; Device                                                                     ; EP2C20F484C7       ;                    ;
; Top-level entity name                                                      ; top_de1            ; top_de1            ;
; Family name                                                                ; Cyclone II         ; Cyclone IV GX      ;
; Use smart compilation                                                      ; Off                ; Off                ;
; Enable parallel Assembler and TimeQuest Timing Analyzer during compilation ; On                 ; On                 ;
; Enable compact report table                                                ; Off                ; Off                ;
; Restructure Multiplexers                                                   ; Auto               ; Auto               ;
; Create Debugging Nodes for IP Cores                                        ; Off                ; Off                ;
; Preserve fewer node names                                                  ; On                 ; On                 ;
; Disable OpenCore Plus hardware evaluation                                  ; Off                ; Off                ;
; Verilog Version                                                            ; Verilog_2001       ; Verilog_2001       ;
; VHDL Version                                                               ; VHDL_1993          ; VHDL_1993          ;
; State Machine Processing                                                   ; Auto               ; Auto               ;
; Safe State Machine                                                         ; Off                ; Off                ;
; Extract Verilog State Machines                                             ; On                 ; On                 ;
; Extract VHDL State Machines                                                ; On                 ; On                 ;
; Ignore Verilog initial constructs                                          ; Off                ; Off                ;
; Iteration limit for constant Verilog loops                                 ; 5000               ; 5000               ;
; Iteration limit for non-constant Verilog loops                             ; 250                ; 250                ;
; Add Pass-Through Logic to Inferred RAMs                                    ; On                 ; On                 ;
; Infer RAMs from Raw Logic                                                  ; On                 ; On                 ;
; Parallel Synthesis                                                         ; On                 ; On                 ;
; DSP Block Balancing                                                        ; Auto               ; Auto               ;
; NOT Gate Push-Back                                                         ; On                 ; On                 ;
; Power-Up Don't Care                                                        ; On                 ; On                 ;
; Remove Redundant Logic Cells                                               ; Off                ; Off                ;
; Remove Duplicate Registers                                                 ; On                 ; On                 ;
; Ignore CARRY Buffers                                                       ; Off                ; Off                ;
; Ignore CASCADE Buffers                                                     ; Off                ; Off                ;
; Ignore GLOBAL Buffers                                                      ; Off                ; Off                ;
; Ignore ROW GLOBAL Buffers                                                  ; Off                ; Off                ;
; Ignore LCELL Buffers                                                       ; Off                ; Off                ;
; Ignore SOFT Buffers                                                        ; On                 ; On                 ;
; Limit AHDL Integers to 32 Bits                                             ; Off                ; Off                ;
; Optimization Technique                                                     ; Balanced           ; Balanced           ;
; Carry Chain Length                                                         ; 70                 ; 70                 ;
; Auto Carry Chains                                                          ; On                 ; On                 ;
; Auto Open-Drain Pins                                                       ; On                 ; On                 ;
; Perform WYSIWYG Primitive Resynthesis                                      ; Off                ; Off                ;
; Auto ROM Replacement                                                       ; On                 ; On                 ;
; Auto RAM Replacement                                                       ; On                 ; On                 ;
; Auto Shift Register Replacement                                            ; Auto               ; Auto               ;
; Allow Shift Register Merging across Hierarchies                            ; Auto               ; Auto               ;
; Auto Clock Enable Replacement                                              ; On                 ; On                 ;
; Strict RAM Replacement                                                     ; Off                ; Off                ;
; Allow Synchronous Control Signals                                          ; On                 ; On                 ;
; Force Use of Synchronous Clear Signals                                     ; Off                ; Off                ;
; Auto RAM to Logic Cell Conversion                                          ; Off                ; Off                ;
; Auto Resource Sharing                                                      ; Off                ; Off                ;
; Allow Any RAM Size For Recognition                                         ; Off                ; Off                ;
; Allow Any ROM Size For Recognition                                         ; Off                ; Off                ;
; Allow Any Shift Register Size For Recognition                              ; Off                ; Off                ;
; Use LogicLock Constraints during Resource Balancing                        ; On                 ; On                 ;
; Ignore translate_off and synthesis_off directives                          ; Off                ; Off                ;
; Timing-Driven Synthesis                                                    ; Off                ; Off                ;
; Report Parameter Settings                                                  ; On                 ; On                 ;
; Report Source Assignments                                                  ; On                 ; On                 ;
; Report Connectivity Checks                                                 ; On                 ; On                 ;
; Ignore Maximum Fan-Out Assignments                                         ; Off                ; Off                ;
; Synchronization Register Chain Length                                      ; 2                  ; 2                  ;
; PowerPlay Power Optimization                                               ; Normal compilation ; Normal compilation ;
; HDL message level                                                          ; Level2             ; Level2             ;
; Suppress Register Optimization Related Messages                            ; Off                ; Off                ;
; Number of Removed Registers Reported in Synthesis Report                   ; 5000               ; 5000               ;
; Number of Swept Nodes Reported in Synthesis Report                         ; 5000               ; 5000               ;
; Number of Inverted Registers Reported in Synthesis Report                  ; 100                ; 100                ;
; Clock MUX Protection                                                       ; On                 ; On                 ;
; Auto Gated Clock Conversion                                                ; Off                ; Off                ;
; Block Design Naming                                                        ; Auto               ; Auto               ;
; SDC constraint protection                                                  ; Off                ; Off                ;
; Synthesis Effort                                                           ; Auto               ; Auto               ;
; Shift Register Replacement - Allow Asynchronous Clear Signal               ; On                 ; On                 ;
; Pre-Mapping Resynthesis Optimization                                       ; Off                ; Off                ;
; Analysis & Synthesis Message Level                                         ; Medium             ; Medium             ;
; Disable Register Merging Across Hierarchies                                ; Auto               ; Auto               ;
; Resource Aware Inference For Block RAM                                     ; On                 ; On                 ;
; Synthesis Seed                                                             ; 1                  ; 1                  ;
+----------------------------------------------------------------------------+--------------------+--------------------+


Parallel compilation was disabled, but you have multiple processors available. Enable parallel compilation to reduce compilation time.
+-------------------------------------+
; Parallel Compilation                ;
+----------------------------+--------+
; Processors                 ; Number ;
+----------------------------+--------+
; Number detected on machine ; 8      ;
; Maximum allowed            ; 1      ;
+----------------------------+--------+


+--------------------------------------------------------------------------------------------------------------------------------------------------------------------------------------------------------------------+
; Analysis & Synthesis Source Files Read                                                                                                                                                                             ;
+--------------------------------------------------+-----------------+------------------------------------+------------------------------------------------------------------------------------------------+---------+
; File Name with User-Entered Path                 ; Used in Netlist ; File Type                          ; File Name with Absolute Path                                                                   ; Library ;
+--------------------------------------------------+-----------------+------------------------------------+------------------------------------------------------------------------------------------------+---------+
; ../VHDL/gpu-structural.vhd                       ; yes             ; User VHDL File                     ; C:/Users/Erwin/Documents/GitHub/DaC/hardware/gpu/VHDL/gpu-structural.vhd                       ;         ;
; ../spi/vhdl/spi-logic.vhd                        ; yes             ; User VHDL File                     ; C:/Users/Erwin/Documents/GitHub/DaC/hardware/gpu/spi/vhdl/spi-logic.vhd                        ;         ;
; ../spi/vhdl/spi.vhd                              ; yes             ; User VHDL File                     ; C:/Users/Erwin/Documents/GitHub/DaC/hardware/gpu/spi/vhdl/spi.vhd                              ;         ;
; ../vgacontroller/VHDL/vgacontroller-behavior.vhd ; yes             ; User VHDL File                     ; C:/Users/Erwin/Documents/GitHub/DaC/hardware/gpu/vgacontroller/VHDL/vgacontroller-behavior.vhd ;         ;
; ../VHDL/gen6mhz.vhd                              ; yes             ; User VHDL File                     ; C:/Users/Erwin/Documents/GitHub/DaC/hardware/gpu/VHDL/gen6mhz.vhd                              ;         ;
; ../vgacontroller/VHDL/vgacontroller.vhd          ; yes             ; User VHDL File                     ; C:/Users/Erwin/Documents/GitHub/DaC/hardware/gpu/vgacontroller/VHDL/vgacontroller.vhd          ;         ;
; ../parameter_def_pkg.vhd                         ; yes             ; User VHDL File                     ; C:/Users/Erwin/Documents/GitHub/DaC/hardware/gpu/parameter_def_pkg.vhd                         ;         ;
; ../VHDL/gpu.vhd                                  ; yes             ; User VHDL File                     ; C:/Users/Erwin/Documents/GitHub/DaC/hardware/gpu/VHDL/gpu.vhd                                  ;         ;
; top_de1.bdf                                      ; yes             ; User Block Diagram/Schematic File  ; C:/Users/Erwin/Documents/GitHub/DaC/hardware/gpu/quartus_DE1/top_de1.bdf                       ;         ;
; pre_vga_dac_4.vhd                                ; yes             ; User VHDL File                     ; C:/Users/Erwin/Documents/GitHub/DaC/hardware/gpu/quartus_DE1/pre_vga_dac_4.vhd                 ;         ;
+--------------------------------------------------+-----------------+------------------------------------+------------------------------------------------------------------------------------------------+---------+


+-----------------------------------------------------+
; Analysis & Synthesis Resource Usage Summary         ;
+---------------------------------------------+-------+
; Resource                                    ; Usage ;
+---------------------------------------------+-------+
; Estimated Total logic elements              ; 89    ;
;                                             ;       ;
; Total combinational functions               ; 73    ;
; Logic element usage by number of LUT inputs ;       ;
;     -- 4 input functions                    ; 32    ;
;     -- 3 input functions                    ; 27    ;
;     -- <=2 input functions                  ; 14    ;
;                                             ;       ;
; Logic elements by mode                      ;       ;
;     -- normal mode                          ; 57    ;
;     -- arithmetic mode                      ; 16    ;
;                                             ;       ;
; Total registers                             ; 46    ;
;     -- Dedicated logic registers            ; 46    ;
;     -- I/O registers                        ; 0     ;
;                                             ;       ;
; I/O pins                                    ; 40    ;
; Embedded Multiplier 9-bit elements          ; 0     ;
; Maximum fan-out node                        ; reset ;
; Maximum fan-out                             ; 41    ;
; Total fan-out                               ; 351   ;
; Average fan-out                             ; 2.21  ;
+---------------------------------------------+-------+


+-------------------------------------------------------------------------------------------------------------------------------------------------------------------------------------------------------------------+
; Analysis & Synthesis Resource Utilization by Entity                                                                                                                                                               ;
+--------------------------------------+-------------------+--------------+-------------+--------------+---------+-----------+------+--------------+-------------------------------------------------+--------------+
; Compilation Hierarchy Node           ; LC Combinationals ; LC Registers ; Memory Bits ; DSP Elements ; DSP 9x9 ; DSP 18x18 ; Pins ; Virtual Pins ; Full Hierarchy Name                             ; Library Name ;
+--------------------------------------+-------------------+--------------+-------------+--------------+---------+-----------+------+--------------+-------------------------------------------------+--------------+
; |top_de1                             ; 73 (0)            ; 46 (0)       ; 0           ; 0            ; 0       ; 0         ; 40   ; 0            ; |top_de1                                        ; work         ;
;    |gen6mhz:inst1|                   ; 3 (3)             ; 3 (3)        ; 0           ; 0            ; 0       ; 0         ; 0    ; 0            ; |top_de1|gen6mhz:inst1                          ; work         ;
;    |gpu:inst2|                       ; 70 (0)            ; 43 (0)       ; 0           ; 0            ; 0       ; 0         ; 0    ; 0            ; |top_de1|gpu:inst2                              ; work         ;
;       |spi:spi1|                     ; 15 (15)           ; 23 (23)      ; 0           ; 0            ; 0       ; 0         ; 0    ; 0            ; |top_de1|gpu:inst2|spi:spi1                     ; work         ;
;       |vgacontroller:vgacontroller1| ; 55 (55)           ; 20 (20)      ; 0           ; 0            ; 0       ; 0         ; 0    ; 0            ; |top_de1|gpu:inst2|vgacontroller:vgacontroller1 ; work         ;
+--------------------------------------+-------------------+--------------+-------------+--------------+---------+-----------+------+--------------+-------------------------------------------------+--------------+
Note: For table entries with two numbers listed, the numbers in parentheses indicate the number of resources of the given type used by the specific entity alone. The numbers listed outside of parentheses indicate the total resources of the given type used by the specific entity and all of its sub-entities in the hierarchy.


+----------------------------------------------------------------------------------+
; Registers Removed During Synthesis                                               ;
+---------------------------------------+------------------------------------------+
; Register name                         ; Reason for Removal                       ;
+---------------------------------------+------------------------------------------+
; gpu:inst2|spi:spi1|bit_cnt[0]         ; Stuck at GND due to stuck port data_in   ;
; gpu:inst2|spi:spi1|tx_buf[1..7]       ; Merged with gpu:inst2|spi:spi1|tx_buf[0] ;
; gpu:inst2|spi:spi1|tx_buf[0]          ; Stuck at GND due to stuck port data_in   ;
; Total Number of Removed Registers = 9 ;                                          ;
+---------------------------------------+------------------------------------------+


+----------------------------------------------------------------------------------------------------+
; Removed Registers Triggering Further Register Optimizations                                        ;
+-------------------------------+---------------------------+----------------------------------------+
; Register name                 ; Reason for Removal        ; Registers Removed due to This Register ;
+-------------------------------+---------------------------+----------------------------------------+
; gpu:inst2|spi:spi1|bit_cnt[0] ; Stuck at GND              ; gpu:inst2|spi:spi1|tx_buf[0]           ;
;                               ; due to stuck port data_in ;                                        ;
+-------------------------------+---------------------------+----------------------------------------+


+------------------------------------------------------+
; General Register Statistics                          ;
+----------------------------------------------+-------+
; Statistic                                    ; Value ;
+----------------------------------------------+-------+
; Total registers                              ; 46    ;
; Number of registers using Synchronous Clear  ; 0     ;
; Number of registers using Synchronous Load   ; 0     ;
; Number of registers using Asynchronous Clear ; 20    ;
; Number of registers using Asynchronous Load  ; 0     ;
; Number of registers using Clock Enable       ; 2     ;
; Number of registers using Preset             ; 0     ;
+----------------------------------------------+-------+


+--------------------------------------------------+
; Inverted Register Statistics                     ;
+----------------------------------------+---------+
; Inverted Register                      ; Fan out ;
+----------------------------------------+---------+
; gpu:inst2|spi:spi1|bit_cnt[1]          ; 3       ;
; Total number of inverted registers = 1 ;         ;
+----------------------------------------+---------+


+-----------------------------------------------------------------------------------------------------------------------------------------------------------------------+
; Multiplexer Restructuring Statistics (Restructuring Performed)                                                                                                        ;
+--------------------+-----------+---------------+----------------------+------------------------+------------+---------------------------------------------------------+
; Multiplexer Inputs ; Bus Width ; Baseline Area ; Area if Restructured ; Saving if Restructured ; Registered ; Example Multiplexer Output                              ;
+--------------------+-----------+---------------+----------------------+------------------------+------------+---------------------------------------------------------+
; 3:1                ; 10 bits   ; 20 LEs        ; 20 LEs               ; 0 LEs                  ; No         ; |top_de1|gpu:inst2|vgacontroller:vgacontroller1|v_count ;
+--------------------+-----------+---------------+----------------------+------------------------+------------+---------------------------------------------------------+


+-------------------------------------------------------------------------------------+
; Parameter Settings for User Entity Instance: gpu:inst2|vgacontroller:vgacontroller1 ;
+----------------+-------+------------------------------------------------------------+
; Parameter Name ; Value ; Type                                                       ;
+----------------+-------+------------------------------------------------------------+
; h_pulse        ; 24    ; Signed Integer                                             ;
; h_bp           ; 12    ; Signed Integer                                             ;
; h_pixels       ; 160   ; Signed Integer                                             ;
; h_fp           ; 4     ; Signed Integer                                             ;
; h_pol          ; '0'   ; Enumerated                                                 ;
; v_pulse        ; 2     ; Signed Integer                                             ;
; v_bp           ; 33    ; Signed Integer                                             ;
; v_pixels       ; 480   ; Signed Integer                                             ;
; v_fp           ; 10    ; Signed Integer                                             ;
; v_pol          ; '0'   ; Enumerated                                                 ;
+----------------+-------+------------------------------------------------------------+
Note: In order to hide this table in the UI and the text report file, please set the "Show Parameter Settings in Synthesis Report" option in "Analysis and Synthesis Settings -> More Settings" to "Off".


+-----------------------------------------------------------------+
; Parameter Settings for User Entity Instance: gpu:inst2|spi:spi1 ;
+----------------+-------+----------------------------------------+
; Parameter Name ; Value ; Type                                   ;
+----------------+-------+----------------------------------------+
; cpol           ; '0'   ; Enumerated                             ;
; cpha           ; '0'   ; Enumerated                             ;
+----------------+-------+----------------------------------------+
Note: In order to hide this table in the UI and the text report file, please set the "Show Parameter Settings in Synthesis Report" option in "Analysis and Synthesis Settings -> More Settings" to "Off".


+------------------------------------------------------------------------------------------------------------------------+
; Port Connectivity Checks: "gpu:inst2|spi:spi1"                                                                         ;
+--------------+--------+----------+-------------------------------------------------------------------------------------+
; Port         ; Type   ; Severity ; Details                                                                             ;
+--------------+--------+----------+-------------------------------------------------------------------------------------+
; ss_n         ; Input  ; Info     ; Stuck at GND                                                                        ;
; rx_req       ; Input  ; Info     ; Stuck at GND                                                                        ;
; st_load_en   ; Input  ; Info     ; Stuck at VCC                                                                        ;
; st_load_trdy ; Input  ; Info     ; Stuck at VCC                                                                        ;
; st_load_rrdy ; Input  ; Info     ; Stuck at VCC                                                                        ;
; st_load_roe  ; Input  ; Info     ; Stuck at VCC                                                                        ;
; tx_load_en   ; Input  ; Info     ; Stuck at VCC                                                                        ;
; trdy         ; Output ; Info     ; Connected to dangling logic. Logic that only feeds a dangling port will be removed. ;
; rrdy         ; Output ; Info     ; Connected to dangling logic. Logic that only feeds a dangling port will be removed. ;
; roe          ; Output ; Info     ; Connected to dangling logic. Logic that only feeds a dangling port will be removed. ;
; rx_data      ; Output ; Info     ; Connected to dangling logic. Logic that only feeds a dangling port will be removed. ;
; busy         ; Output ; Info     ; Connected to dangling logic. Logic that only feeds a dangling port will be removed. ;
+--------------+--------+----------+-------------------------------------------------------------------------------------+


+--------------------------------------------------------------------------------------------------------------------+
; Port Connectivity Checks: "gpu:inst2|vgacontroller:vgacontroller1"                                                 ;
+----------+--------+----------+-------------------------------------------------------------------------------------+
; Port     ; Type   ; Severity ; Details                                                                             ;
+----------+--------+----------+-------------------------------------------------------------------------------------+
; ramclaim ; Output ; Info     ; Connected to dangling logic. Logic that only feeds a dangling port will be removed. ;
; ramaddr  ; Output ; Info     ; Connected to dangling logic. Logic that only feeds a dangling port will be removed. ;
; ramread  ; Output ; Info     ; Connected to dangling logic. Logic that only feeds a dangling port will be removed. ;
+----------+--------+----------+-------------------------------------------------------------------------------------+


+-------------------------------+
; Elapsed Time Per Partition    ;
+----------------+--------------+
; Partition Name ; Elapsed Time ;
+----------------+--------------+
; Top            ; 00:00:00     ;
+----------------+--------------+


+-------------------------------+
; Analysis & Synthesis Messages ;
+-------------------------------+
Info: *******************************************************************
Info: Running Quartus II 64-Bit Analysis & Synthesis
    Info: Version 13.0.1 Build 232 06/12/2013 Service Pack 1 SJ Web Edition
    Info: Processing started: Mon Nov 18 15:06:23 2013
Info: Command: quartus_map --read_settings_files=on --write_settings_files=off de1 -c top_de1
Warning (20028): Parallel compilation is not licensed and has been disabled
Info (12021): Found 1 design units, including 0 entities, in source file /users/erwin/documents/github/dac/hardware/gpu/vhdl/gpu-structural.vhd
    Info (12022): Found design unit 1: gpu-structural
Info (12021): Found 1 design units, including 0 entities, in source file /users/erwin/documents/github/dac/hardware/gpu/spi/vhdl/spi-logic.vhd
    Info (12022): Found design unit 1: spi-logic
Info (12021): Found 1 design units, including 1 entities, in source file /users/erwin/documents/github/dac/hardware/gpu/spi/vhdl/spi.vhd
    Info (12023): Found entity 1: spi
Info (12021): Found 1 design units, including 0 entities, in source file /users/erwin/documents/github/dac/hardware/gpu/vgacontroller/vhdl/vgacontroller-behavior.vhd
    Info (12022): Found design unit 1: vgacontroller-behavior
Info (12021): Found 2 design units, including 1 entities, in source file /users/erwin/documents/github/dac/hardware/gpu/vhdl/gen6mhz.vhd
    Info (12022): Found design unit 1: gen6mhz-behaviour
    Info (12023): Found entity 1: gen6mhz
Info (12021): Found 1 design units, including 1 entities, in source file /users/erwin/documents/github/dac/hardware/gpu/vgacontroller/vhdl/vgacontroller.vhd
    Info (12023): Found entity 1: vgacontroller
Info (12021): Found 2 design units, including 0 entities, in source file /users/erwin/documents/github/dac/hardware/gpu/parameter_def_pkg.vhd
    Info (12022): Found design unit 1: parameter_def
    Info (12022): Found design unit 2: parameter_def-body
Info (12021): Found 1 design units, including 1 entities, in source file /users/erwin/documents/github/dac/hardware/gpu/vhdl/gpu.vhd
    Info (12023): Found entity 1: gpu
Info (12021): Found 1 design units, including 1 entities, in source file top_de1.bdf
    Info (12023): Found entity 1: top_de1
Info (12021): Found 2 design units, including 1 entities, in source file pre_vga_dac_4.vhd
    Info (12022): Found design unit 1: pre_vga_dac_4-signal_flow
    Info (12023): Found entity 1: pre_vga_dac_4
Info (12127): Elaborating entity "top_de1" for the top level hierarchy
Info (12128): Elaborating entity "gpu" for hierarchy "gpu:inst2"
Warning (10541): VHDL Signal Declaration warning at gpu.vhd(14): used implicit default value for signal "ramwe" because signal was never assigned a value or an explicit default value. Use of implicit default value may introduce unintended design optimizations.
Warning (10541): VHDL Signal Declaration warning at gpu-structural.vhd(41): used implicit default value for signal "asb" because signal was never assigned a value or an explicit default value. Use of implicit default value may introduce unintended design optimizations.
Warning (10036): Verilog HDL or VHDL warning at gpu-structural.vhd(45): object "ramclaim" assigned a value but never read
Warning (10036): Verilog HDL or VHDL warning at gpu-structural.vhd(48): object "ramaddr_int" assigned a value but never read
Warning (10541): VHDL Signal Declaration warning at gpu-structural.vhd(49): used implicit default value for signal "ramdata_int" because signal was never assigned a value or an explicit default value. Use of implicit default value may introduce unintended design optimizations.
Warning (10036): Verilog HDL or VHDL warning at gpu-structural.vhd(50): object "ramread" assigned a value but never read
Warning (10540): VHDL Signal Declaration warning at gpu-structural.vhd(54): used explicit default value for signal "rx_req" because signal was never assigned a value
Warning (10540): VHDL Signal Declaration warning at gpu-structural.vhd(55): used explicit default value for signal "st_load_en" because signal was never assigned a value
Warning (10540): VHDL Signal Declaration warning at gpu-structural.vhd(59): used explicit default value for signal "tx_load_en" because signal was never assigned a value
Warning (10541): VHDL Signal Declaration warning at gpu-structural.vhd(60): used implicit default value for signal "tx_load_data" because signal was never assigned a value or an explicit default value. Use of implicit default value may introduce unintended design optimizations.
Warning (10036): Verilog HDL or VHDL warning at gpu-structural.vhd(61): object "spitrdy" assigned a value but never read
Warning (10036): Verilog HDL or VHDL warning at gpu-structural.vhd(62): object "spirrdy" assigned a value but never read
Warning (10036): Verilog HDL or VHDL warning at gpu-structural.vhd(63): object "spiroe" assigned a value but never read
Warning (10036): Verilog HDL or VHDL warning at gpu-structural.vhd(64): object "rx_data" assigned a value but never read
Warning (10036): Verilog HDL or VHDL warning at gpu-structural.vhd(65): object "spibusy" assigned a value but never read
Info (12128): Elaborating entity "vgacontroller" for hierarchy "gpu:inst2|vgacontroller:vgacontroller1"
Warning (10541): VHDL Signal Declaration warning at vgacontroller.vhd(25): used implicit default value for signal "vgacolor" because signal was never assigned a value or an explicit default value. Use of implicit default value may introduce unintended design optimizations.
Warning (10445): VHDL Subtype or Type Declaration warning at vgacontroller-behavior.vhd(58): subtype or type has null range
Warning (10296): VHDL warning at vgacontroller-behavior.vhd(58): ignored assignment of value to null range
Warning (10873): Using initial value X (don't care) for net "ramaddr[14..8]" at vgacontroller.vhd(27)
Info (12128): Elaborating entity "spi" for hierarchy "gpu:inst2|spi:spi1"
Warning (10492): VHDL Process Statement warning at spi-logic.vhd(26): signal "reset_n" is read inside the Process Statement but isn't in the Process Statement's sensitivity list
Warning (10492): VHDL Process Statement warning at spi-logic.vhd(39): signal "bit_cnt" is read inside the Process Statement but isn't in the Process Statement's sensitivity list
Warning (10492): VHDL Process Statement warning at spi-logic.vhd(44): signal "bit_cnt" is read inside the Process Statement but isn't in the Process Statement's sensitivity list
Warning (10492): VHDL Process Statement warning at spi-logic.vhd(49): signal "st_load_trdy" is read inside the Process Statement but isn't in the Process Statement's sensitivity list
Warning (10492): VHDL Process Statement warning at spi-logic.vhd(49): signal "reset_n" is read inside the Process Statement but isn't in the Process Statement's sensitivity list
Warning (10492): VHDL Process Statement warning at spi-logic.vhd(51): signal "st_load_trdy" is read inside the Process Statement but isn't in the Process Statement's sensitivity list
Warning (10492): VHDL Process Statement warning at spi-logic.vhd(53): signal "wr_add" is read inside the Process Statement but isn't in the Process Statement's sensitivity list
Warning (10492): VHDL Process Statement warning at spi-logic.vhd(53): signal "bit_cnt" is read inside the Process Statement but isn't in the Process Statement's sensitivity list
Warning (10492): VHDL Process Statement warning at spi-logic.vhd(55): signal "rd_add" is read inside the Process Statement but isn't in the Process Statement's sensitivity list
Warning (10492): VHDL Process Statement warning at spi-logic.vhd(55): signal "bit_cnt" is read inside the Process Statement but isn't in the Process Statement's sensitivity list
Warning (10492): VHDL Process Statement warning at spi-logic.vhd(60): signal "st_load_rrdy" is read inside the Process Statement but isn't in the Process Statement's sensitivity list
Warning (10492): VHDL Process Statement warning at spi-logic.vhd(60): signal "reset_n" is read inside the Process Statement but isn't in the Process Statement's sensitivity list
Warning (10492): VHDL Process Statement warning at spi-logic.vhd(62): signal "st_load_rrdy" is read inside the Process Statement but isn't in the Process Statement's sensitivity list
Warning (10492): VHDL Process Statement warning at spi-logic.vhd(64): signal "wr_add" is read inside the Process Statement but isn't in the Process Statement's sensitivity list
Warning (10492): VHDL Process Statement warning at spi-logic.vhd(64): signal "bit_cnt" is read inside the Process Statement but isn't in the Process Statement's sensitivity list
Warning (10492): VHDL Process Statement warning at spi-logic.vhd(66): signal "wr_add" is read inside the Process Statement but isn't in the Process Statement's sensitivity list
Warning (10492): VHDL Process Statement warning at spi-logic.vhd(66): signal "bit_cnt" is read inside the Process Statement but isn't in the Process Statement's sensitivity list
Warning (10492): VHDL Process Statement warning at spi-logic.vhd(71): signal "st_load_roe" is read inside the Process Statement but isn't in the Process Statement's sensitivity list
Warning (10492): VHDL Process Statement warning at spi-logic.vhd(71): signal "reset_n" is read inside the Process Statement but isn't in the Process Statement's sensitivity list
Warning (10492): VHDL Process Statement warning at spi-logic.vhd(73): signal "st_load_roe" is read inside the Process Statement but isn't in the Process Statement's sensitivity list
Warning (10492): VHDL Process Statement warning at spi-logic.vhd(75): signal "rrdy" is read inside the Process Statement but isn't in the Process Statement's sensitivity list
Warning (10492): VHDL Process Statement warning at spi-logic.vhd(75): signal "wr_add" is read inside the Process Statement but isn't in the Process Statement's sensitivity list
Warning (10492): VHDL Process Statement warning at spi-logic.vhd(75): signal "bit_cnt" is read inside the Process Statement but isn't in the Process Statement's sensitivity list
Warning (10492): VHDL Process Statement warning at spi-logic.vhd(77): signal "wr_add" is read inside the Process Statement but isn't in the Process Statement's sensitivity list
Warning (10492): VHDL Process Statement warning at spi-logic.vhd(77): signal "bit_cnt" is read inside the Process Statement but isn't in the Process Statement's sensitivity list
Warning (10492): VHDL Process Statement warning at spi-logic.vhd(83): signal "reset_n" is read inside the Process Statement but isn't in the Process Statement's sensitivity list
Warning (10492): VHDL Process Statement warning at spi-logic.vhd(87): signal "wr_add" is read inside the Process Statement but isn't in the Process Statement's sensitivity list
Warning (10492): VHDL Process Statement warning at spi-logic.vhd(87): signal "bit_cnt" is read inside the Process Statement but isn't in the Process Statement's sensitivity list
Warning (10492): VHDL Process Statement warning at spi-logic.vhd(93): signal "reset_n" is read inside the Process Statement but isn't in the Process Statement's sensitivity list
Warning (10492): VHDL Process Statement warning at spi-logic.vhd(96): signal "rx_buf" is read inside the Process Statement but isn't in the Process Statement's sensitivity list
Warning (10492): VHDL Process Statement warning at spi-logic.vhd(100): signal "reset_n" is read inside the Process Statement but isn't in the Process Statement's sensitivity list
Warning (10492): VHDL Process Statement warning at spi-logic.vhd(103): signal "tx_load_data" is read inside the Process Statement but isn't in the Process Statement's sensitivity list
Warning (10492): VHDL Process Statement warning at spi-logic.vhd(104): signal "rd_add" is read inside the Process Statement but isn't in the Process Statement's sensitivity list
Warning (10492): VHDL Process Statement warning at spi-logic.vhd(104): signal "bit_cnt" is read inside the Process Statement but isn't in the Process Statement's sensitivity list
Warning (10492): VHDL Process Statement warning at spi-logic.vhd(109): signal "reset_n" is read inside the Process Statement but isn't in the Process Statement's sensitivity list
Warning (10492): VHDL Process Statement warning at spi-logic.vhd(111): signal "rd_add" is read inside the Process Statement but isn't in the Process Statement's sensitivity list
Warning (10492): VHDL Process Statement warning at spi-logic.vhd(118): signal "rd_add" is read inside the Process Statement but isn't in the Process Statement's sensitivity list
Warning (10492): VHDL Process Statement warning at spi-logic.vhd(118): signal "bit_cnt" is read inside the Process Statement but isn't in the Process Statement's sensitivity list
Warning (10631): VHDL Process Statement warning at spi-logic.vhd(35): inferring latch(es) for signal or variable "rx_data", which holds its previous value in one or more paths through the process
Info (10041): Inferred latch for "rx_data[0]" at spi-logic.vhd(35)
Info (10041): Inferred latch for "rx_data[1]" at spi-logic.vhd(35)
Info (10041): Inferred latch for "rx_data[2]" at spi-logic.vhd(35)
Info (10041): Inferred latch for "rx_data[3]" at spi-logic.vhd(35)
Info (10041): Inferred latch for "rx_data[4]" at spi-logic.vhd(35)
Info (10041): Inferred latch for "rx_data[5]" at spi-logic.vhd(35)
Info (10041): Inferred latch for "rx_data[6]" at spi-logic.vhd(35)
Info (10041): Inferred latch for "rx_data[7]" at spi-logic.vhd(35)
Info (12128): Elaborating entity "gen6mhz" for hierarchy "gen6mhz:inst1"
Info (12128): Elaborating entity "pre_vga_dac_4" for hierarchy "pre_vga_dac_4:inst"
Warning (12161): Node "gpu:inst2|ramaddr[9]" is stuck at GND because node is in wire loop and does not have a source
Warning (12161): Node "gpu:inst2|ramaddr[8]" is stuck at GND because node is in wire loop and does not have a source
Warning (12161): Node "gpu:inst2|ramaddr[7]" is stuck at GND because node is in wire loop and does not have a source
Warning (12161): Node "gpu:inst2|ramaddr[6]" is stuck at GND because node is in wire loop and does not have a source
Warning (12161): Node "gpu:inst2|ramaddr[5]" is stuck at GND because node is in wire loop and does not have a source
Warning (12161): Node "gpu:inst2|ramaddr[4]" is stuck at GND because node is in wire loop and does not have a source
Warning (12161): Node "gpu:inst2|ramaddr[3]" is stuck at GND because node is in wire loop and does not have a source
Warning (12161): Node "gpu:inst2|ramaddr[2]" is stuck at GND because node is in wire loop and does not have a source
Warning (12161): Node "gpu:inst2|ramaddr[1]" is stuck at GND because node is in wire loop and does not have a source
Warning (12161): Node "gpu:inst2|ramaddr[15]" is stuck at GND because node is in wire loop and does not have a source
Warning (12161): Node "gpu:inst2|ramaddr[14]" is stuck at GND because node is in wire loop and does not have a source
Warning (12161): Node "gpu:inst2|ramaddr[13]" is stuck at GND because node is in wire loop and does not have a source
Warning (12161): Node "gpu:inst2|ramaddr[12]" is stuck at GND because node is in wire loop and does not have a source
Warning (12161): Node "gpu:inst2|ramaddr[11]" is stuck at GND because node is in wire loop and does not have a source
Warning (12161): Node "gpu:inst2|ramaddr[10]" is stuck at GND because node is in wire loop and does not have a source
Warning (12161): Node "gpu:inst2|ramaddr[0]" is stuck at GND because node is in wire loop and does not have a source
Warning (13039): The following bidir pins have no drivers
    Warning (13040): Bidir "RAMDATA" has no driver
    Warning (13040): Bidir "RAMDATA" has no driver
    Warning (13040): Bidir "RAMDATA" has no driver
    Warning (13040): Bidir "RAMDATA" has no driver
Info (13000): Registers with preset signals will power-up high
Info (13003): DEV_CLRn pin will set, and not reset, register with preset signal due to NOT Gate Push-Back
Warning (13024): Output pins are stuck at VCC or GND
    Warning (13410): Pin "RAMWE" is stuck at GND
    Warning (13410): Pin "RAMADDR[15]" is stuck at GND
    Warning (13410): Pin "RAMADDR[14]" is stuck at GND
    Warning (13410): Pin "RAMADDR[13]" is stuck at GND
    Warning (13410): Pin "RAMADDR[12]" is stuck at GND
    Warning (13410): Pin "RAMADDR[11]" is stuck at GND
    Warning (13410): Pin "RAMADDR[10]" is stuck at GND
    Warning (13410): Pin "RAMADDR[9]" is stuck at GND
    Warning (13410): Pin "RAMADDR[8]" is stuck at GND
    Warning (13410): Pin "RAMADDR[7]" is stuck at GND
    Warning (13410): Pin "RAMADDR[6]" is stuck at GND
    Warning (13410): Pin "RAMADDR[5]" is stuck at GND
    Warning (13410): Pin "RAMADDR[4]" is stuck at GND
    Warning (13410): Pin "RAMADDR[3]" is stuck at GND
    Warning (13410): Pin "RAMADDR[2]" is stuck at GND
    Warning (13410): Pin "RAMADDR[1]" is stuck at GND
    Warning (13410): Pin "RAMADDR[0]" is stuck at GND
    Warning (13410): Pin "vga_b[3]" is stuck at GND
    Warning (13410): Pin "vga_b[2]" is stuck at GND
    Warning (13410): Pin "vga_b[1]" is stuck at GND
    Warning (13410): Pin "vga_b[0]" is stuck at GND
    Warning (13410): Pin "vga_g[3]" is stuck at GND
    Warning (13410): Pin "vga_g[2]" is stuck at GND
    Warning (13410): Pin "vga_g[1]" is stuck at GND
    Warning (13410): Pin "vga_g[0]" is stuck at GND
    Warning (13410): Pin "vga_r[3]" is stuck at GND
    Warning (13410): Pin "vga_r[2]" is stuck at GND
    Warning (13410): Pin "vga_r[1]" is stuck at GND
    Warning (13410): Pin "vga_r[0]" is stuck at GND
Info (16010): Generating hard_block partition "hard_block:auto_generated_inst"
    Info (16011): Adding 0 node(s), including 0 DDIO, 0 PLL, 0 transceiver and 0 LCELL
Info (21057): Implemented 139 device resources after synthesis - the final resource count might be different
    Info (21058): Implemented 4 input pins
    Info (21059): Implemented 32 output pins
    Info (21060): Implemented 4 bidirectional pins
    Info (21061): Implemented 99 logic cells
Info: Quartus II 64-Bit Analysis & Synthesis was successful. 0 errors, 110 warnings
    Info: Peak virtual memory: 502 megabytes
    Info: Processing ended: Mon Nov 18 15:06:25 2013
    Info: Elapsed time: 00:00:02
    Info: Total CPU time (on all processors): 00:00:02


