Analysis & Synthesis report for top_de1
Thu Oct 10 12:22:52 2013
Quartus II Version 10.0 Build 262 08/18/2010 Service Pack 1 SJ Full Version


---------------------
; Table of Contents ;
---------------------
  1. Legal Notice
  2. Analysis & Synthesis Summary
  3. Analysis & Synthesis Settings
  4. Parallel Compilation
  5. Analysis & Synthesis Source Files Read
  6. Analysis & Synthesis Resource Usage Summary
  7. Analysis & Synthesis Resource Utilization by Entity
  8. Registers Removed During Synthesis
  9. General Register Statistics
 10. Inverted Register Statistics
 11. Multiplexer Restructuring Statistics (Restructuring Performed)
 12. Parameter Settings for User Entity Instance: vga_controller:inst3
 13. Parameter Settings for User Entity Instance: hw_image_generator:inst4
 14. Analysis & Synthesis Messages



----------------
; Legal Notice ;
----------------
Copyright (C) 1991-2010 Altera Corporation
Your use of Altera Corporation's design tools, logic functions 
and other software and tools, and its AMPP partner logic 
functions, and any output files from any of the foregoing 
(including device programming or simulation files), and any 
associated documentation or information are expressly subject 
to the terms and conditions of the Altera Program License 
Subscription Agreement, Altera MegaCore Function License 
Agreement, or other applicable license agreement, including, 
without limitation, that your use is for the sole purpose of 
programming logic devices manufactured by Altera and sold by 
Altera or its authorized distributors.  Please refer to the 
applicable agreement for further details.



+-------------------------------------------------------------------------------------+
; Analysis & Synthesis Summary                                                        ;
+------------------------------------+------------------------------------------------+
; Analysis & Synthesis Status        ; Successful - Thu Oct 10 12:22:51 2013          ;
; Quartus II Version                 ; 10.0 Build 262 08/18/2010 SP 1 SJ Full Version ;
; Revision Name                      ; top_de1                                        ;
; Top-level Entity Name              ; top_de1                                        ;
; Family                             ; Cyclone II                                     ;
; Total logic elements               ; 69                                             ;
;     Total combinational functions  ; 60                                             ;
;     Dedicated logic registers      ; 33                                             ;
; Total registers                    ; 33                                             ;
; Total pins                         ; 16                                             ;
; Total virtual pins                 ; 0                                              ;
; Total memory bits                  ; 0                                              ;
; Embedded Multiplier 9-bit elements ; 0                                              ;
; Total PLLs                         ; 0                                              ;
+------------------------------------+------------------------------------------------+


+----------------------------------------------------------------------------------------------------------------------+
; Analysis & Synthesis Settings                                                                                        ;
+----------------------------------------------------------------------------+--------------------+--------------------+
; Option                                                                     ; Setting            ; Default Value      ;
+----------------------------------------------------------------------------+--------------------+--------------------+
; Device                                                                     ; EP2C20F484C7       ;                    ;
; Top-level entity name                                                      ; top_de1            ; top_de1            ;
; Family name                                                                ; Cyclone II         ; Stratix II         ;
; Use smart compilation                                                      ; Off                ; Off                ;
; Enable parallel Assembler and TimeQuest Timing Analyzer during compilation ; On                 ; On                 ;
; Enable compact report table                                                ; Off                ; Off                ;
; Restructure Multiplexers                                                   ; Auto               ; Auto               ;
; Create Debugging Nodes for IP Cores                                        ; Off                ; Off                ;
; Preserve fewer node names                                                  ; On                 ; On                 ;
; Disable OpenCore Plus hardware evaluation                                  ; Off                ; Off                ;
; Verilog Version                                                            ; Verilog_2001       ; Verilog_2001       ;
; VHDL Version                                                               ; VHDL_1993          ; VHDL_1993          ;
; State Machine Processing                                                   ; Auto               ; Auto               ;
; Safe State Machine                                                         ; Off                ; Off                ;
; Extract Verilog State Machines                                             ; On                 ; On                 ;
; Extract VHDL State Machines                                                ; On                 ; On                 ;
; Ignore Verilog initial constructs                                          ; Off                ; Off                ;
; Iteration limit for constant Verilog loops                                 ; 5000               ; 5000               ;
; Iteration limit for non-constant Verilog loops                             ; 250                ; 250                ;
; Add Pass-Through Logic to Inferred RAMs                                    ; On                 ; On                 ;
; Parallel Synthesis                                                         ; On                 ; On                 ;
; DSP Block Balancing                                                        ; Auto               ; Auto               ;
; NOT Gate Push-Back                                                         ; On                 ; On                 ;
; Power-Up Don't Care                                                        ; On                 ; On                 ;
; Remove Redundant Logic Cells                                               ; Off                ; Off                ;
; Remove Duplicate Registers                                                 ; On                 ; On                 ;
; Ignore CARRY Buffers                                                       ; Off                ; Off                ;
; Ignore CASCADE Buffers                                                     ; Off                ; Off                ;
; Ignore GLOBAL Buffers                                                      ; Off                ; Off                ;
; Ignore ROW GLOBAL Buffers                                                  ; Off                ; Off                ;
; Ignore LCELL Buffers                                                       ; Off                ; Off                ;
; Ignore SOFT Buffers                                                        ; On                 ; On                 ;
; Limit AHDL Integers to 32 Bits                                             ; Off                ; Off                ;
; Optimization Technique                                                     ; Balanced           ; Balanced           ;
; Carry Chain Length                                                         ; 70                 ; 70                 ;
; Auto Carry Chains                                                          ; On                 ; On                 ;
; Auto Open-Drain Pins                                                       ; On                 ; On                 ;
; Perform WYSIWYG Primitive Resynthesis                                      ; Off                ; Off                ;
; Auto ROM Replacement                                                       ; On                 ; On                 ;
; Auto RAM Replacement                                                       ; On                 ; On                 ;
; Auto Shift Register Replacement                                            ; Auto               ; Auto               ;
; Auto Clock Enable Replacement                                              ; On                 ; On                 ;
; Strict RAM Replacement                                                     ; Off                ; Off                ;
; Allow Synchronous Control Signals                                          ; On                 ; On                 ;
; Force Use of Synchronous Clear Signals                                     ; Off                ; Off                ;
; Auto RAM to Logic Cell Conversion                                          ; Off                ; Off                ;
; Auto Resource Sharing                                                      ; Off                ; Off                ;
; Allow Any RAM Size For Recognition                                         ; Off                ; Off                ;
; Allow Any ROM Size For Recognition                                         ; Off                ; Off                ;
; Allow Any Shift Register Size For Recognition                              ; Off                ; Off                ;
; Use LogicLock Constraints during Resource Balancing                        ; On                 ; On                 ;
; Ignore translate_off and synthesis_off directives                          ; Off                ; Off                ;
; Timing-Driven Synthesis                                                    ; Off                ; Off                ;
; Report Parameter Settings                                                  ; On                 ; On                 ;
; Report Source Assignments                                                  ; On                 ; On                 ;
; Report Connectivity Checks                                                 ; On                 ; On                 ;
; Ignore Maximum Fan-Out Assignments                                         ; Off                ; Off                ;
; Synchronization Register Chain Length                                      ; 2                  ; 2                  ;
; PowerPlay Power Optimization                                               ; Normal compilation ; Normal compilation ;
; HDL message level                                                          ; Level2             ; Level2             ;
; Suppress Register Optimization Related Messages                            ; Off                ; Off                ;
; Number of Removed Registers Reported in Synthesis Report                   ; 5000               ; 5000               ;
; Number of Inverted Registers Reported in Synthesis Report                  ; 100                ; 100                ;
; Clock MUX Protection                                                       ; On                 ; On                 ;
; Auto Gated Clock Conversion                                                ; Off                ; Off                ;
; Block Design Naming                                                        ; Auto               ; Auto               ;
; SDC constraint protection                                                  ; Off                ; Off                ;
; Synthesis Effort                                                           ; Auto               ; Auto               ;
; Shift Register Replacement - Allow Asynchronous Clear Signal               ; On                 ; On                 ;
; Analysis & Synthesis Message Level                                         ; Medium             ; Medium             ;
; Disable Register Merging Across Hierarchies                                ; Auto               ; Auto               ;
; Resource Aware Inference For Block RAM                                     ; On                 ; On                 ;
; Synthesis Seed                                                             ; 1                  ; 1                  ;
+----------------------------------------------------------------------------+--------------------+--------------------+


+------------------------------------------+
; Parallel Compilation                     ;
+----------------------------+-------------+
; Processors                 ; Number      ;
+----------------------------+-------------+
; Number detected on machine ; 4           ;
; Maximum allowed            ; 4           ;
;                            ;             ;
; Average used               ; 1.00        ;
; Maximum used               ; 1           ;
;                            ;             ;
; Usage by Processor         ; % Time Used ;
;     1 processor            ; 100.0%      ;
;     2-4 processors         ;   0.0%      ;
+----------------------------+-------------+


+--------------------------------------------------------------------------------------------------------------------------------------------------------------+
; Analysis & Synthesis Source Files Read                                                                                                                       ;
+----------------------------------+-----------------+------------------------------------+--------------------------------------------------------------------+
; File Name with User-Entered Path ; Used in Netlist ; File Type                          ; File Name with Absolute Path                                       ;
+----------------------------------+-----------------+------------------------------------+--------------------------------------------------------------------+
; ../VHDL/hw_image_generator.vhd   ; yes             ; User VHDL File                     ; /home/erdehaan/GitHub/DaC/hardware/vga/VHDL/hw_image_generator.vhd ;
; ../VHDL/vga_controller.vhd       ; yes             ; User VHDL File                     ; /home/erdehaan/GitHub/DaC/hardware/vga/VHDL/vga_controller.vhd     ;
; top_de1.bdf                      ; yes             ; User Block Diagram/Schematic File  ; /home/erdehaan/GitHub/DaC/hardware/vga/quartus_DE1/top_de1.bdf     ;
; gen6mhz.vhd                      ; yes             ; User VHDL File                     ; /home/erdehaan/GitHub/DaC/hardware/vga/quartus_DE1/gen6mhz.vhd     ;
+----------------------------------+-----------------+------------------------------------+--------------------------------------------------------------------+


+----------------------------------------------------------------------+
; Analysis & Synthesis Resource Usage Summary                          ;
+---------------------------------------------+------------------------+
; Resource                                    ; Usage                  ;
+---------------------------------------------+------------------------+
; Estimated Total logic elements              ; 69                     ;
;                                             ;                        ;
; Total combinational functions               ; 60                     ;
; Logic element usage by number of LUT inputs ;                        ;
;     -- 4 input functions                    ; 32                     ;
;     -- 3 input functions                    ; 5                      ;
;     -- <=2 input functions                  ; 23                     ;
;                                             ;                        ;
; Logic elements by mode                      ;                        ;
;     -- normal mode                          ; 44                     ;
;     -- arithmetic mode                      ; 16                     ;
;                                             ;                        ;
; Total registers                             ; 33                     ;
;     -- Dedicated logic registers            ; 33                     ;
;     -- I/O registers                        ; 0                      ;
;                                             ;                        ;
; I/O pins                                    ; 16                     ;
; Maximum fan-out node                        ; gen6mhz:inst1|count[2] ;
; Maximum fan-out                             ; 31                     ;
; Total fan-out                               ; 299                    ;
; Average fan-out                             ; 2.74                   ;
+---------------------------------------------+------------------------+


+-----------------------------------------------------------------------------------------------------------------------------------------------------------------------------------------------------------+
; Analysis & Synthesis Resource Utilization by Entity                                                                                                                                                       ;
+-------------------------------+-------------------+--------------+-------------+------------+--------------+---------+-----------+------+--------------+-----------------------------------+--------------+
; Compilation Hierarchy Node    ; LC Combinationals ; LC Registers ; Memory Bits ; DSP Blocks ; DSP Elements ; DSP 9x9 ; DSP 18x18 ; Pins ; Virtual Pins ; Full Hierarchy Name               ; Library Name ;
+-------------------------------+-------------------+--------------+-------------+------------+--------------+---------+-----------+------+--------------+-----------------------------------+--------------+
; |top_de1                      ; 60 (0)            ; 33 (0)       ; 0           ; 0          ; 0            ; 0       ; 0         ; 16   ; 0            ; |top_de1                          ;              ;
;    |gen6mhz:inst1|            ; 3 (3)             ; 3 (3)        ; 0           ; 0          ; 0            ; 0       ; 0         ; 0    ; 0            ; |top_de1|gen6mhz:inst1            ;              ;
;    |hw_image_generator:inst4| ; 3 (3)             ; 0 (0)        ; 0           ; 0          ; 0            ; 0       ; 0         ; 0    ; 0            ; |top_de1|hw_image_generator:inst4 ;              ;
;    |vga_controller:inst3|     ; 54 (54)           ; 30 (30)      ; 0           ; 0          ; 0            ; 0       ; 0         ; 0    ; 0            ; |top_de1|vga_controller:inst3     ;              ;
+-------------------------------+-------------------+--------------+-------------+------------+--------------+---------+-----------+------+--------------+-----------------------------------+--------------+
Note: For table entries with two numbers listed, the numbers in parentheses indicate the number of resources of the given type used by the specific entity alone. The numbers listed outside of parentheses indicate the total resources of the given type used by the specific entity and all of its sub-entities in the hierarchy.


+---------------------------------------------------------------------------------+
; Registers Removed During Synthesis                                              ;
+----------------------------------------+----------------------------------------+
; Register name                          ; Reason for Removal                     ;
+----------------------------------------+----------------------------------------+
; vga_controller:inst3|column[8..30]     ; Stuck at GND due to stuck port data_in ;
; vga_controller:inst3|row[10..30]       ; Stuck at GND due to stuck port data_in ;
; vga_controller:inst3|row[0..3]         ; Lost fanout                            ;
; vga_controller:inst3|column[0..3]      ; Lost fanout                            ;
; vga_controller:inst3|row[9,31]         ; Stuck at GND due to stuck port data_in ;
; vga_controller:inst3|column[31]        ; Stuck at GND due to stuck port data_in ;
; Total Number of Removed Registers = 55 ;                                        ;
+----------------------------------------+----------------------------------------+


+------------------------------------------------------+
; General Register Statistics                          ;
+----------------------------------------------+-------+
; Statistic                                    ; Value ;
+----------------------------------------------+-------+
; Total registers                              ; 33    ;
; Number of registers using Synchronous Clear  ; 0     ;
; Number of registers using Synchronous Load   ; 0     ;
; Number of registers using Asynchronous Clear ; 30    ;
; Number of registers using Asynchronous Load  ; 0     ;
; Number of registers using Clock Enable       ; 9     ;
; Number of registers using Preset             ; 0     ;
+----------------------------------------------+-------+


+--------------------------------------------------+
; Inverted Register Statistics                     ;
+----------------------------------------+---------+
; Inverted Register                      ; Fan out ;
+----------------------------------------+---------+
; vga_controller:inst3|h_sync            ; 1       ;
; vga_controller:inst3|v_sync            ; 1       ;
; Total number of inverted registers = 2 ;         ;
+----------------------------------------+---------+


+-----------------------------------------------------------------------------------------------------------------------------------------------------+
; Multiplexer Restructuring Statistics (Restructuring Performed)                                                                                      ;
+--------------------+-----------+---------------+----------------------+------------------------+------------+---------------------------------------+
; Multiplexer Inputs ; Bus Width ; Baseline Area ; Area if Restructured ; Saving if Restructured ; Registered ; Example Multiplexer Output            ;
+--------------------+-----------+---------------+----------------------+------------------------+------------+---------------------------------------+
; 3:1                ; 10 bits   ; 20 LEs        ; 20 LEs               ; 0 LEs                  ; No         ; |top_de1|vga_controller:inst3|v_count ;
+--------------------+-----------+---------------+----------------------+------------------------+------------+---------------------------------------+


+-------------------------------------------------------------------+
; Parameter Settings for User Entity Instance: vga_controller:inst3 ;
+----------------+-------+------------------------------------------+
; Parameter Name ; Value ; Type                                     ;
+----------------+-------+------------------------------------------+
; h_pulse        ; 24    ; Signed Integer                           ;
; h_bp           ; 12    ; Signed Integer                           ;
; h_pixels       ; 160   ; Signed Integer                           ;
; h_fp           ; 4     ; Signed Integer                           ;
; h_pol          ; '0'   ; Enumerated                               ;
; v_pulse        ; 2     ; Signed Integer                           ;
; v_bp           ; 33    ; Signed Integer                           ;
; v_pixels       ; 480   ; Signed Integer                           ;
; v_fp           ; 10    ; Signed Integer                           ;
; v_pol          ; '0'   ; Enumerated                               ;
+----------------+-------+------------------------------------------+
Note: In order to hide this table in the UI and the text report file, please set the "Show Parameter Settings in Synthesis Report" option in "Analysis and Synthesis Settings -> More Settings" to "Off".


+-----------------------------------------------------------------------+
; Parameter Settings for User Entity Instance: hw_image_generator:inst4 ;
+----------------+-------+----------------------------------------------+
; Parameter Name ; Value ; Type                                         ;
+----------------+-------+----------------------------------------------+
; pixels_y       ; 240   ; Signed Integer                               ;
; pixels_x       ; 80    ; Signed Integer                               ;
+----------------+-------+----------------------------------------------+
Note: In order to hide this table in the UI and the text report file, please set the "Show Parameter Settings in Synthesis Report" option in "Analysis and Synthesis Settings -> More Settings" to "Off".


+-------------------------------+
; Analysis & Synthesis Messages ;
+-------------------------------+
Info: *******************************************************************
Info: Running Quartus II Analysis & Synthesis
    Info: Version 10.0 Build 262 08/18/2010 Service Pack 1 SJ Full Version
    Info: Processing started: Thu Oct 10 12:22:45 2013
Info: Command: quartus_map --read_settings_files=on --write_settings_files=off de1 -c top_de1
Info: Parallel compilation is enabled and will use 4 of the 4 processors detected
Info: Found 2 design units, including 1 entities, in source file /home/erdehaan/GitHub/DaC/hardware/vga/VHDL/hw_image_generator.vhd
    Info: Found design unit 1: hw_image_generator-behavior
    Info: Found entity 1: hw_image_generator
Info: Found 2 design units, including 1 entities, in source file /home/erdehaan/GitHub/DaC/hardware/vga/VHDL/vga_controller.vhd
    Info: Found design unit 1: vga_controller-behavior
    Info: Found entity 1: vga_controller
Info: Found 1 design units, including 1 entities, in source file top_de1.bdf
    Info: Found entity 1: top_de1
Info: Found 2 design units, including 1 entities, in source file gen6mhz.vhd
    Info: Found design unit 1: gen6mhz-behaviour
    Info: Found entity 1: gen6mhz
Info: Elaborating entity "top_de1" for the top level hierarchy
Info: Elaborating entity "vga_controller" for hierarchy "vga_controller:inst3"
Info: Elaborating entity "gen6mhz" for hierarchy "gen6mhz:inst1"
Info: Elaborating entity "hw_image_generator" for hierarchy "hw_image_generator:inst4"
Info: Registers with preset signals will power-up high
Info: DEV_CLRn pin will set, and not reset, register with preset signal due to NOT Gate Push-Back
Warning: Output pins are stuck at VCC or GND
    Warning (13410): Pin "vga_b[3]" is stuck at GND
    Warning (13410): Pin "vga_b[2]" is stuck at GND
    Warning (13410): Pin "vga_b[1]" is stuck at GND
    Warning (13410): Pin "vga_b[0]" is stuck at GND
    Warning (13410): Pin "vga_g[3]" is stuck at GND
    Warning (13410): Pin "vga_g[1]" is stuck at GND
Critical Warning: Ignored Power-Up Level option on the following registers
    Critical Warning (18010): Register vga_controller:inst3|row[31] will power up to Low
    Critical Warning (18010): Register vga_controller:inst3|column[31] will power up to Low
Info: 8 registers lost all their fanouts during netlist optimizations. The first 8 are displayed below.
    Info: Register "vga_controller:inst3|row[0]" lost all its fanouts during netlist optimizations.
    Info: Register "vga_controller:inst3|row[1]" lost all its fanouts during netlist optimizations.
    Info: Register "vga_controller:inst3|row[2]" lost all its fanouts during netlist optimizations.
    Info: Register "vga_controller:inst3|row[3]" lost all its fanouts during netlist optimizations.
    Info: Register "vga_controller:inst3|column[0]" lost all its fanouts during netlist optimizations.
    Info: Register "vga_controller:inst3|column[1]" lost all its fanouts during netlist optimizations.
    Info: Register "vga_controller:inst3|column[2]" lost all its fanouts during netlist optimizations.
    Info: Register "vga_controller:inst3|column[3]" lost all its fanouts during netlist optimizations.
Info: Generating hard_block partition "hard_block:auto_generated_inst"
Info: Implemented 97 device resources after synthesis - the final resource count might be different
    Info: Implemented 2 input pins
    Info: Implemented 14 output pins
    Info: Implemented 81 logic cells
Info: Quartus II Analysis & Synthesis was successful. 0 errors, 10 warnings
    Info: Peak virtual memory: 260 megabytes
    Info: Processing ended: Thu Oct 10 12:22:52 2013
    Info: Elapsed time: 00:00:07
    Info: Total CPU time (on all processors): 00:00:02


