Flow report for top_de1
Thu Oct 10 12:23:09 2013
Quartus II Version 10.0 Build 262 08/18/2010 Service Pack 1 SJ Full Version


---------------------
; Table of Contents ;
---------------------
  1. Legal Notice
  2. Flow Summary
  3. Flow Settings
  4. Flow Non-Default Global Settings
  5. Flow Elapsed Time
  6. Flow OS Summary
  7. Flow Log



----------------
; Legal Notice ;
----------------
Copyright (C) 1991-2010 Altera Corporation
Your use of Altera Corporation's design tools, logic functions 
and other software and tools, and its AMPP partner logic 
functions, and any output files from any of the foregoing 
(including device programming or simulation files), and any 
associated documentation or information are expressly subject 
to the terms and conditions of the Altera Program License 
Subscription Agreement, Altera MegaCore Function License 
Agreement, or other applicable license agreement, including, 
without limitation, that your use is for the sole purpose of 
programming logic devices manufactured by Altera and sold by 
Altera or its authorized distributors.  Please refer to the 
applicable agreement for further details.



+-------------------------------------------------------------------------------------+
; Flow Summary                                                                        ;
+------------------------------------+------------------------------------------------+
; Flow Status                        ; Successful - Thu Oct 10 12:23:09 2013          ;
; Quartus II Version                 ; 10.0 Build 262 08/18/2010 SP 1 SJ Full Version ;
; Revision Name                      ; top_de1                                        ;
; Top-level Entity Name              ; top_de1                                        ;
; Family                             ; Cyclone II                                     ;
; Device                             ; EP2C20F484C7                                   ;
; Timing Models                      ; Final                                          ;
; Met timing requirements            ; Yes                                            ;
; Total logic elements               ; 64 / 18,752 ( < 1 % )                          ;
;     Total combinational functions  ; 60 / 18,752 ( < 1 % )                          ;
;     Dedicated logic registers      ; 33 / 18,752 ( < 1 % )                          ;
; Total registers                    ; 33                                             ;
; Total pins                         ; 16 / 315 ( 5 % )                               ;
; Total virtual pins                 ; 0                                              ;
; Total memory bits                  ; 0 / 239,616 ( 0 % )                            ;
; Embedded Multiplier 9-bit elements ; 0 / 52 ( 0 % )                                 ;
; Total PLLs                         ; 0 / 4 ( 0 % )                                  ;
+------------------------------------+------------------------------------------------+


+-----------------------------------------+
; Flow Settings                           ;
+-------------------+---------------------+
; Option            ; Setting             ;
+-------------------+---------------------+
; Start date & time ; 10/10/2013 12:22:46 ;
; Main task         ; Compilation         ;
; Revision Name     ; top_de1             ;
+-------------------+---------------------+


+-------------------------------------------------------------------------------------------------------------------------------------------------+
; Flow Non-Default Global Settings                                                                                                                ;
+-------------------------------------+----------------------------------------------------------------+---------------+-------------+------------+
; Assignment Name                     ; Value                                                          ; Default Value ; Entity Name ; Section Id ;
+-------------------------------------+----------------------------------------------------------------+---------------+-------------+------------+
; COMPILER_SIGNATURE_ID               ; 102228231580680.138140056629476                                ; --            ; --          ; --         ;
; MAX_CORE_JUNCTION_TEMP              ; 85                                                             ; --            ; --          ; --         ;
; MIN_CORE_JUNCTION_TEMP              ; 0                                                              ; --            ; --          ; --         ;
; MISC_FILE                           ; /home/erdehaan/GitHub/DaC/hardware/vga/quartus_DE1/top_de1.dpf ; --            ; --          ; --         ;
; PARTITION_COLOR                     ; 16764057                                                       ; --            ; --          ; Top        ;
; PARTITION_FITTER_PRESERVATION_LEVEL ; PLACEMENT_AND_ROUTING                                          ; --            ; --          ; Top        ;
; PARTITION_NETLIST_TYPE              ; SOURCE                                                         ; --            ; --          ; Top        ;
+-------------------------------------+----------------------------------------------------------------+---------------+-------------+------------+


+-----------------------------------------------------------------------------------------------------------------------------+
; Flow Elapsed Time                                                                                                           ;
+-------------------------+--------------+-------------------------+---------------------+------------------------------------+
; Module Name             ; Elapsed Time ; Average Processors Used ; Peak Virtual Memory ; Total CPU Time (on all processors) ;
+-------------------------+--------------+-------------------------+---------------------+------------------------------------+
; Analysis & Synthesis    ; 00:00:05     ; 1.0                     ; --                  ; 00:00:02                           ;
; Fitter                  ; 00:00:10     ; 2.1                     ; --                  ; 00:00:03                           ;
; Assembler               ; 00:00:02     ; 1.0                     ; --                  ; 00:00:01                           ;
; Classic Timing Analyzer ; 00:00:01     ; 1.0                     ; --                  ; 00:00:00                           ;
; Total                   ; 00:00:18     ; --                      ; --                  ; 00:00:06                           ;
+-------------------------+--------------+-------------------------+---------------------+------------------------------------+


+---------------------------------------------------------------------------------------+
; Flow OS Summary                                                                       ;
+-------------------------+------------------+------------+------------+----------------+
; Module Name             ; Machine Hostname ; OS Name    ; OS Version ; Processor type ;
+-------------------------+------------------+------------+------------+----------------+
; Analysis & Synthesis    ; tud204020        ; SUSE LINUX ; 11         ; x86_64         ;
; Fitter                  ; tud204020        ; SUSE LINUX ; 11         ; x86_64         ;
; Assembler               ; tud204020        ; SUSE LINUX ; 11         ; x86_64         ;
; Classic Timing Analyzer ; tud204020        ; SUSE LINUX ; 11         ; x86_64         ;
+-------------------------+------------------+------------+------------+----------------+


------------
; Flow Log ;
------------
quartus_map --read_settings_files=on --write_settings_files=off de1 -c top_de1
quartus_fit --read_settings_files=off --write_settings_files=off de1 -c top_de1
quartus_asm --read_settings_files=off --write_settings_files=off de1 -c top_de1
quartus_tan --read_settings_files=off --write_settings_files=off de1 -c top_de1 --timing_analysis_only



